#
# There is insufficient memory for the Java Runtime Environment to continue.
# Native memory allocation (malloc) failed to allocate 912976 bytes. Error detail: Chunk::new
# Possible reasons:
#   The system is out of physical RAM or swap space
#   This process is running with CompressedOops enabled, and the Java Heap may be blocking the growth of the native heap
# Possible solutions:
#   Reduce memory load on the system
#   Increase physical memory or swap space
#   Check if swap backing store is full
#   Decrease Java heap size (-Xmx/-Xms)
#   Decrease number of Java threads
#   Decrease Java thread stack sizes (-Xss)
#   Set larger code cache with -XX:ReservedCodeCacheSize=
#   JVM is running with Unscaled Compressed Oops mode in which the Java heap is
#     placed in the first 4GB address space. The Java Heap base address is the
#     maximum limit for the native heap growth. Please use -XX:HeapBaseMinAddress
#     to set the Java Heap base and to place the Java Heap above 4GB virtual address.
# This output file may be truncated or incomplete.
#
#  Out of Memory Error (arena.cpp:191), pid=28376, tid=14876
#
# JRE version: OpenJDK Runtime Environment Temurin-17.0.12+7 (17.0.12+7) (build 17.0.12+7)
# Java VM: OpenJDK 64-Bit Server VM Temurin-17.0.12+7 (17.0.12+7, mixed mode, sharing, tiered, compressed oops, compressed class ptrs, g1 gc, windows-amd64)
# No core dump will be written. Minidumps are not enabled by default on client versions of Windows
#

---------------  S U M M A R Y ------------

Command Line: --add-opens=java.base/java.util=ALL-UNNAMED --add-opens=java.base/java.lang=ALL-UNNAMED --add-opens=java.base/java.lang.invoke=ALL-UNNAMED --add-opens=java.prefs/java.util.prefs=ALL-UNNAMED --add-opens=java.base/java.nio.charset=ALL-UNNAMED --add-opens=java.base/java.net=ALL-UNNAMED --add-opens=java.base/java.util.concurrent.atomic=ALL-UNNAMED -XX:MaxMetaspaceSize=384m -XX:+HeapDumpOnOutOfMemoryError -Xms256m -Xmx512m -Dfile.encoding=UTF-8 -Duser.country=CO -Duser.language=es -Duser.variant -javaagent:C:\Users\MARIANA\.gradle\wrapper\dists\gradle-8.5-bin\5t9huq95ubn472n8rpzujfbqh\gradle-8.5\lib\agents\gradle-instrumentation-agent-8.5.jar org.gradle.launcher.daemon.bootstrap.GradleDaemon 8.5

Host: Intel(R) Core(TM) i5-10300H CPU @ 2.50GHz, 8 cores, 7G,  Windows 11 , 64 bit Build 22621 (10.0.22621.4391)
Time: Sun Nov 17 18:45:52 2024 Hora est. Pacífico, Sudamérica elapsed time: 5.877139 seconds (0d 0h 0m 5s)

---------------  T H R E A D  ---------------

Current thread (0x000001bffbf45670):  JavaThread "C2 CompilerThread0" daemon [_thread_in_native, id=14876, stack(0x000000412ba00000,0x000000412bb00000)]


Current CompileTask:
C2:   5877 2180       4       jdk.internal.org.objectweb.asm.Frame::execute (2305 bytes)

Stack: [0x000000412ba00000,0x000000412bb00000]
Native frames: (J=compiled Java code, j=interpreted, Vv=VM code, C=native code)
V  [jvm.dll+0x67f929]
V  [jvm.dll+0x8371ba]
V  [jvm.dll+0x838c7e]
V  [jvm.dll+0x8392e3]
V  [jvm.dll+0x24834f]
V  [jvm.dll+0xac9d4]
V  [jvm.dll+0xad01c]
V  [jvm.dll+0x2af96f]
V  [jvm.dll+0x5868d7]
V  [jvm.dll+0x2231c2]
V  [jvm.dll+0x2235bf]
V  [jvm.dll+0x21c6e0]
V  [jvm.dll+0x219be1]
V  [jvm.dll+0x1a58bd]
V  [jvm.dll+0x229a2d]
V  [jvm.dll+0x227bdc]
V  [jvm.dll+0x7ec1f7]
V  [jvm.dll+0x7e65dc]
V  [jvm.dll+0x67e7f7]
C  [ucrtbase.dll+0x29333]
C  [KERNEL32.DLL+0x1259d]
C  [ntdll.dll+0x5af38]


---------------  P R O C E S S  ---------------

Threads class SMR info:
_java_thread_list=0x000001bfa9eb3ad0, length=22, elements={
0x000001bff039f830, 0x000001bffbf2e170, 0x000001bffbf2ed30, 0x000001bffbf3f460,
0x000001bffbf40020, 0x000001bffbf42af0, 0x000001bffbf448d0, 0x000001bffbf45670,
0x000001bffbf47130, 0x000001bffbf47b30, 0x000001bffbf163c0, 0x000001bfa82a74c0,
0x000001bfa853abf0, 0x000001bfa853b100, 0x000001bfa853b610, 0x000001bfa853bb20,
0x000001bfa853c030, 0x000001bfa85392a0, 0x000001bfa8538d90, 0x000001bfa853a1d0,
0x000001bfa8539cc0, 0x000001bfa853c540
}

Java Threads: ( => current thread )
  0x000001bff039f830 JavaThread "main" [_thread_blocked, id=19480, stack(0x000000412ad00000,0x000000412ae00000)]
  0x000001bffbf2e170 JavaThread "Reference Handler" daemon [_thread_blocked, id=28996, stack(0x000000412b400000,0x000000412b500000)]
  0x000001bffbf2ed30 JavaThread "Finalizer" daemon [_thread_blocked, id=29916, stack(0x000000412b500000,0x000000412b600000)]
  0x000001bffbf3f460 JavaThread "Signal Dispatcher" daemon [_thread_blocked, id=22576, stack(0x000000412b600000,0x000000412b700000)]
  0x000001bffbf40020 JavaThread "Attach Listener" daemon [_thread_blocked, id=30656, stack(0x000000412b700000,0x000000412b800000)]
  0x000001bffbf42af0 JavaThread "Service Thread" daemon [_thread_blocked, id=20948, stack(0x000000412b800000,0x000000412b900000)]
  0x000001bffbf448d0 JavaThread "Monitor Deflation Thread" daemon [_thread_blocked, id=30300, stack(0x000000412b900000,0x000000412ba00000)]
=>0x000001bffbf45670 JavaThread "C2 CompilerThread0" daemon [_thread_in_native, id=14876, stack(0x000000412ba00000,0x000000412bb00000)]
  0x000001bffbf47130 JavaThread "C1 CompilerThread0" daemon [_thread_blocked, id=2272, stack(0x000000412bb00000,0x000000412bc00000)]
  0x000001bffbf47b30 JavaThread "Sweeper thread" daemon [_thread_blocked, id=7964, stack(0x000000412bc00000,0x000000412bd00000)]
  0x000001bffbf163c0 JavaThread "Common-Cleaner" daemon [_thread_blocked, id=25728, stack(0x000000412bd00000,0x000000412be00000)]
  0x000001bfa82a74c0 JavaThread "Notification Thread" daemon [_thread_blocked, id=3100, stack(0x000000412be00000,0x000000412bf00000)]
  0x000001bfa853abf0 JavaThread "Daemon health stats" [_thread_blocked, id=3000, stack(0x000000412c000000,0x000000412c100000)]
  0x000001bfa853b100 JavaThread "Incoming local TCP Connector on port 52133" [_thread_in_native, id=20832, stack(0x000000412c600000,0x000000412c700000)]
  0x000001bfa853b610 JavaThread "Daemon periodic checks" [_thread_blocked, id=21192, stack(0x000000412c800000,0x000000412c900000)]
  0x000001bfa853bb20 JavaThread "Daemon" [_thread_blocked, id=23644, stack(0x000000412c900000,0x000000412ca00000)]
  0x000001bfa853c030 JavaThread "Handler for socket connection from /127.0.0.1:52133 to /127.0.0.1:52134" [_thread_in_native, id=23176, stack(0x000000412ca00000,0x000000412cb00000)]
  0x000001bfa85392a0 JavaThread "Cancel handler" [_thread_blocked, id=23812, stack(0x000000412cb00000,0x000000412cc00000)]
  0x000001bfa8538d90 JavaThread "Daemon worker" [_thread_in_Java, id=23836, stack(0x000000412cc00000,0x000000412cd00000)]
  0x000001bfa853a1d0 JavaThread "Asynchronous log dispatcher for DefaultDaemonConnection: socket connection from /127.0.0.1:52133 to /127.0.0.1:52134" [_thread_blocked, id=23892, stack(0x000000412cd00000,0x000000412ce00000)]
  0x000001bfa8539cc0 JavaThread "Stdin handler" [_thread_blocked, id=24004, stack(0x000000412ce00000,0x000000412cf00000)]
  0x000001bfa853c540 JavaThread "Daemon client event forwarder" [_thread_blocked, id=24072, stack(0x000000412cf00000,0x000000412d000000)]

Other Threads:
  0x000001bffbf25f50 VMThread "VM Thread" [stack: 0x000000412b300000,0x000000412b400000] [id=29664]
  0x000001bfa83067b0 WatcherThread [stack: 0x000000412bf00000,0x000000412c000000] [id=19932]
  0x000001bff03cc8d0 GCTaskThread "GC Thread#0" [stack: 0x000000412ae00000,0x000000412af00000] [id=29324]
  0x000001bfa91d4cf0 GCTaskThread "GC Thread#1" [stack: 0x000000412c100000,0x000000412c200000] [id=6968]
  0x000001bfa91d4fb0 GCTaskThread "GC Thread#2" [stack: 0x000000412c200000,0x000000412c300000] [id=21180]
  0x000001bfa91d5270 GCTaskThread "GC Thread#3" [stack: 0x000000412c300000,0x000000412c400000] [id=31068]
  0x000001bfa8e454f0 GCTaskThread "GC Thread#4" [stack: 0x000000412c400000,0x000000412c500000] [id=12940]
  0x000001bfa8e13ca0 GCTaskThread "GC Thread#5" [stack: 0x000000412c500000,0x000000412c600000] [id=12868]
  0x000001bff03d16c0 ConcurrentGCThread "G1 Main Marker" [stack: 0x000000412af00000,0x000000412b000000] [id=23664]
  0x000001bff03d1f80 ConcurrentGCThread "G1 Conc#0" [stack: 0x000000412b000000,0x000000412b100000] [id=14156]
  0x000001bffbde8500 ConcurrentGCThread "G1 Refine#0" [stack: 0x000000412b100000,0x000000412b200000] [id=14804]
  0x000001bffbde8ce0 ConcurrentGCThread "G1 Service" [stack: 0x000000412b200000,0x000000412b300000] [id=22308]

Threads with active compile tasks:
C2 CompilerThread0     5915 2180       4       jdk.internal.org.objectweb.asm.Frame::execute (2305 bytes)

VM state: not at safepoint (normal execution)

VM Mutex/Monitor currently owned by a thread: None

Heap address: 0x00000000e0000000, size: 512 MB, Compressed Oops mode: 32-bit

CDS archive(s) mapped at: [0x000001bf8f000000-0x000001bf8fbb0000-0x000001bf8fbb0000), size 12255232, SharedBaseAddress: 0x000001bf8f000000, ArchiveRelocationMode: 1.
Compressed class space mapped at: 0x000001bf90000000-0x000001bfa4000000, reserved size: 335544320
Narrow klass base: 0x000001bf8f000000, Narrow klass shift: 0, Narrow klass range: 0x100000000

GC Precious Log:
 CPUs: 8 total, 8 available
 Memory: 7968M
 Large Page Support: Disabled
 NUMA Support: Disabled
 Compressed Oops: Enabled (32-bit)
 Heap Region Size: 1M
 Heap Min Capacity: 256M
 Heap Initial Capacity: 256M
 Heap Max Capacity: 512M
 Pre-touch: Disabled
 Parallel Workers: 8
 Concurrent Workers: 2
 Concurrent Refinement Workers: 8
 Periodic GC: Disabled

Heap:
 garbage-first heap   total 262144K, used 70666K [0x00000000e0000000, 0x0000000100000000)
  region size 1024K, 60 young (61440K), 1 survivors (1024K)
 Metaspace       used 13602K, committed 13952K, reserved 393216K
  class space    used 1892K, committed 2112K, reserved 327680K

Heap Regions: E=young(eden), S=young(survivor), O=old, HS=humongous(starts), HC=humongous(continues), CS=collection set, F=free, OA=open archive, CA=closed archive, TAMS=top-at-mark-start (previous, next)
|   0|0x00000000e0000000, 0x00000000e0100000, 0x00000000e0100000|100%|HS|  |TAMS 0x00000000e0000000, 0x00000000e0000000| Complete 
|   1|0x00000000e0100000, 0x00000000e0200000, 0x00000000e0200000|100%|HC|  |TAMS 0x00000000e0100000, 0x00000000e0100000| Complete 
|   2|0x00000000e0200000, 0x00000000e0300000, 0x00000000e0300000|100%|HC|  |TAMS 0x00000000e0200000, 0x00000000e0200000| Complete 
|   3|0x00000000e0300000, 0x00000000e0400000, 0x00000000e0400000|100%|HC|  |TAMS 0x00000000e0300000, 0x00000000e0300000| Complete 
|   4|0x00000000e0400000, 0x00000000e0500000, 0x00000000e0500000|100%| O|  |TAMS 0x00000000e0400000, 0x00000000e0400000| Untracked 
|   5|0x00000000e0500000, 0x00000000e0600000, 0x00000000e0600000|100%| O|  |TAMS 0x00000000e0500000, 0x00000000e0500000| Untracked 
|   6|0x00000000e0600000, 0x00000000e0700000, 0x00000000e0700000|100%| O|  |TAMS 0x00000000e0600000, 0x00000000e0600000| Untracked 
|   7|0x00000000e0700000, 0x00000000e0800000, 0x00000000e0800000|100%| O|  |TAMS 0x00000000e0700000, 0x00000000e0700000| Untracked 
|   8|0x00000000e0800000, 0x00000000e0900000, 0x00000000e0900000|100%| O|  |TAMS 0x00000000e0800000, 0x00000000e0800000| Untracked 
|   9|0x00000000e0900000, 0x00000000e0a00000, 0x00000000e0a00000|100%| O|  |TAMS 0x00000000e0900000, 0x00000000e0900000| Untracked 
|  10|0x00000000e0a00000, 0x00000000e0a35a00, 0x00000000e0b00000| 20%| O|  |TAMS 0x00000000e0a00000, 0x00000000e0a00000| Untracked 
|  11|0x00000000e0b00000, 0x00000000e0c00000, 0x00000000e0c00000|100%|HS|  |TAMS 0x00000000e0b00000, 0x00000000e0b00000| Complete 
|  12|0x00000000e0c00000, 0x00000000e0c00000, 0x00000000e0d00000|  0%| F|  |TAMS 0x00000000e0c00000, 0x00000000e0c00000| Untracked 
|  13|0x00000000e0d00000, 0x00000000e0d00000, 0x00000000e0e00000|  0%| F|  |TAMS 0x00000000e0d00000, 0x00000000e0d00000| Untracked 
|  14|0x00000000e0e00000, 0x00000000e0e00000, 0x00000000e0f00000|  0%| F|  |TAMS 0x00000000e0e00000, 0x00000000e0e00000| Untracked 
|  15|0x00000000e0f00000, 0x00000000e0f00000, 0x00000000e1000000|  0%| F|  |TAMS 0x00000000e0f00000, 0x00000000e0f00000| Untracked 
|  16|0x00000000e1000000, 0x00000000e1000000, 0x00000000e1100000|  0%| F|  |TAMS 0x00000000e1000000, 0x00000000e1000000| Untracked 
|  17|0x00000000e1100000, 0x00000000e1100000, 0x00000000e1200000|  0%| F|  |TAMS 0x00000000e1100000, 0x00000000e1100000| Untracked 
|  18|0x00000000e1200000, 0x00000000e1200000, 0x00000000e1300000|  0%| F|  |TAMS 0x00000000e1200000, 0x00000000e1200000| Untracked 
|  19|0x00000000e1300000, 0x00000000e1300000, 0x00000000e1400000|  0%| F|  |TAMS 0x00000000e1300000, 0x00000000e1300000| Untracked 
|  20|0x00000000e1400000, 0x00000000e1400000, 0x00000000e1500000|  0%| F|  |TAMS 0x00000000e1400000, 0x00000000e1400000| Untracked 
|  21|0x00000000e1500000, 0x00000000e1500000, 0x00000000e1600000|  0%| F|  |TAMS 0x00000000e1500000, 0x00000000e1500000| Untracked 
|  22|0x00000000e1600000, 0x00000000e1600000, 0x00000000e1700000|  0%| F|  |TAMS 0x00000000e1600000, 0x00000000e1600000| Untracked 
|  23|0x00000000e1700000, 0x00000000e1700000, 0x00000000e1800000|  0%| F|  |TAMS 0x00000000e1700000, 0x00000000e1700000| Untracked 
|  24|0x00000000e1800000, 0x00000000e1800000, 0x00000000e1900000|  0%| F|  |TAMS 0x00000000e1800000, 0x00000000e1800000| Untracked 
|  25|0x00000000e1900000, 0x00000000e1900000, 0x00000000e1a00000|  0%| F|  |TAMS 0x00000000e1900000, 0x00000000e1900000| Untracked 
|  26|0x00000000e1a00000, 0x00000000e1a00000, 0x00000000e1b00000|  0%| F|  |TAMS 0x00000000e1a00000, 0x00000000e1a00000| Untracked 
|  27|0x00000000e1b00000, 0x00000000e1b00000, 0x00000000e1c00000|  0%| F|  |TAMS 0x00000000e1b00000, 0x00000000e1b00000| Untracked 
|  28|0x00000000e1c00000, 0x00000000e1c00000, 0x00000000e1d00000|  0%| F|  |TAMS 0x00000000e1c00000, 0x00000000e1c00000| Untracked 
|  29|0x00000000e1d00000, 0x00000000e1d00000, 0x00000000e1e00000|  0%| F|  |TAMS 0x00000000e1d00000, 0x00000000e1d00000| Untracked 
|  30|0x00000000e1e00000, 0x00000000e1e00000, 0x00000000e1f00000|  0%| F|  |TAMS 0x00000000e1e00000, 0x00000000e1e00000| Untracked 
|  31|0x00000000e1f00000, 0x00000000e1f00000, 0x00000000e2000000|  0%| F|  |TAMS 0x00000000e1f00000, 0x00000000e1f00000| Untracked 
|  32|0x00000000e2000000, 0x00000000e2000000, 0x00000000e2100000|  0%| F|  |TAMS 0x00000000e2000000, 0x00000000e2000000| Untracked 
|  33|0x00000000e2100000, 0x00000000e2100000, 0x00000000e2200000|  0%| F|  |TAMS 0x00000000e2100000, 0x00000000e2100000| Untracked 
|  34|0x00000000e2200000, 0x00000000e2200000, 0x00000000e2300000|  0%| F|  |TAMS 0x00000000e2200000, 0x00000000e2200000| Untracked 
|  35|0x00000000e2300000, 0x00000000e2300000, 0x00000000e2400000|  0%| F|  |TAMS 0x00000000e2300000, 0x00000000e2300000| Untracked 
|  36|0x00000000e2400000, 0x00000000e2400000, 0x00000000e2500000|  0%| F|  |TAMS 0x00000000e2400000, 0x00000000e2400000| Untracked 
|  37|0x00000000e2500000, 0x00000000e2500000, 0x00000000e2600000|  0%| F|  |TAMS 0x00000000e2500000, 0x00000000e2500000| Untracked 
|  38|0x00000000e2600000, 0x00000000e2600000, 0x00000000e2700000|  0%| F|  |TAMS 0x00000000e2600000, 0x00000000e2600000| Untracked 
|  39|0x00000000e2700000, 0x00000000e2700000, 0x00000000e2800000|  0%| F|  |TAMS 0x00000000e2700000, 0x00000000e2700000| Untracked 
|  40|0x00000000e2800000, 0x00000000e2800000, 0x00000000e2900000|  0%| F|  |TAMS 0x00000000e2800000, 0x00000000e2800000| Untracked 
|  41|0x00000000e2900000, 0x00000000e2900000, 0x00000000e2a00000|  0%| F|  |TAMS 0x00000000e2900000, 0x00000000e2900000| Untracked 
|  42|0x00000000e2a00000, 0x00000000e2a00000, 0x00000000e2b00000|  0%| F|  |TAMS 0x00000000e2a00000, 0x00000000e2a00000| Untracked 
|  43|0x00000000e2b00000, 0x00000000e2b00000, 0x00000000e2c00000|  0%| F|  |TAMS 0x00000000e2b00000, 0x00000000e2b00000| Untracked 
|  44|0x00000000e2c00000, 0x00000000e2c00000, 0x00000000e2d00000|  0%| F|  |TAMS 0x00000000e2c00000, 0x00000000e2c00000| Untracked 
|  45|0x00000000e2d00000, 0x00000000e2d00000, 0x00000000e2e00000|  0%| F|  |TAMS 0x00000000e2d00000, 0x00000000e2d00000| Untracked 
|  46|0x00000000e2e00000, 0x00000000e2e00000, 0x00000000e2f00000|  0%| F|  |TAMS 0x00000000e2e00000, 0x00000000e2e00000| Untracked 
|  47|0x00000000e2f00000, 0x00000000e2f00000, 0x00000000e3000000|  0%| F|  |TAMS 0x00000000e2f00000, 0x00000000e2f00000| Untracked 
|  48|0x00000000e3000000, 0x00000000e3000000, 0x00000000e3100000|  0%| F|  |TAMS 0x00000000e3000000, 0x00000000e3000000| Untracked 
|  49|0x00000000e3100000, 0x00000000e3100000, 0x00000000e3200000|  0%| F|  |TAMS 0x00000000e3100000, 0x00000000e3100000| Untracked 
|  50|0x00000000e3200000, 0x00000000e3200000, 0x00000000e3300000|  0%| F|  |TAMS 0x00000000e3200000, 0x00000000e3200000| Untracked 
|  51|0x00000000e3300000, 0x00000000e3300000, 0x00000000e3400000|  0%| F|  |TAMS 0x00000000e3300000, 0x00000000e3300000| Untracked 
|  52|0x00000000e3400000, 0x00000000e3400000, 0x00000000e3500000|  0%| F|  |TAMS 0x00000000e3400000, 0x00000000e3400000| Untracked 
|  53|0x00000000e3500000, 0x00000000e3500000, 0x00000000e3600000|  0%| F|  |TAMS 0x00000000e3500000, 0x00000000e3500000| Untracked 
|  54|0x00000000e3600000, 0x00000000e3600000, 0x00000000e3700000|  0%| F|  |TAMS 0x00000000e3600000, 0x00000000e3600000| Untracked 
|  55|0x00000000e3700000, 0x00000000e3700000, 0x00000000e3800000|  0%| F|  |TAMS 0x00000000e3700000, 0x00000000e3700000| Untracked 
|  56|0x00000000e3800000, 0x00000000e3800000, 0x00000000e3900000|  0%| F|  |TAMS 0x00000000e3800000, 0x00000000e3800000| Untracked 
|  57|0x00000000e3900000, 0x00000000e3900000, 0x00000000e3a00000|  0%| F|  |TAMS 0x00000000e3900000, 0x00000000e3900000| Untracked 
|  58|0x00000000e3a00000, 0x00000000e3a00000, 0x00000000e3b00000|  0%| F|  |TAMS 0x00000000e3a00000, 0x00000000e3a00000| Untracked 
|  59|0x00000000e3b00000, 0x00000000e3b00000, 0x00000000e3c00000|  0%| F|  |TAMS 0x00000000e3b00000, 0x00000000e3b00000| Untracked 
|  60|0x00000000e3c00000, 0x00000000e3c00000, 0x00000000e3d00000|  0%| F|  |TAMS 0x00000000e3c00000, 0x00000000e3c00000| Untracked 
|  61|0x00000000e3d00000, 0x00000000e3d00000, 0x00000000e3e00000|  0%| F|  |TAMS 0x00000000e3d00000, 0x00000000e3d00000| Untracked 
|  62|0x00000000e3e00000, 0x00000000e3e00000, 0x00000000e3f00000|  0%| F|  |TAMS 0x00000000e3e00000, 0x00000000e3e00000| Untracked 
|  63|0x00000000e3f00000, 0x00000000e3f00000, 0x00000000e4000000|  0%| F|  |TAMS 0x00000000e3f00000, 0x00000000e3f00000| Untracked 
|  64|0x00000000e4000000, 0x00000000e4000000, 0x00000000e4100000|  0%| F|  |TAMS 0x00000000e4000000, 0x00000000e4000000| Untracked 
|  65|0x00000000e4100000, 0x00000000e4100000, 0x00000000e4200000|  0%| F|  |TAMS 0x00000000e4100000, 0x00000000e4100000| Untracked 
|  66|0x00000000e4200000, 0x00000000e4200000, 0x00000000e4300000|  0%| F|  |TAMS 0x00000000e4200000, 0x00000000e4200000| Untracked 
|  67|0x00000000e4300000, 0x00000000e4300000, 0x00000000e4400000|  0%| F|  |TAMS 0x00000000e4300000, 0x00000000e4300000| Untracked 
|  68|0x00000000e4400000, 0x00000000e4400000, 0x00000000e4500000|  0%| F|  |TAMS 0x00000000e4400000, 0x00000000e4400000| Untracked 
|  69|0x00000000e4500000, 0x00000000e4500000, 0x00000000e4600000|  0%| F|  |TAMS 0x00000000e4500000, 0x00000000e4500000| Untracked 
|  70|0x00000000e4600000, 0x00000000e4600000, 0x00000000e4700000|  0%| F|  |TAMS 0x00000000e4600000, 0x00000000e4600000| Untracked 
|  71|0x00000000e4700000, 0x00000000e4700000, 0x00000000e4800000|  0%| F|  |TAMS 0x00000000e4700000, 0x00000000e4700000| Untracked 
|  72|0x00000000e4800000, 0x00000000e4800000, 0x00000000e4900000|  0%| F|  |TAMS 0x00000000e4800000, 0x00000000e4800000| Untracked 
|  73|0x00000000e4900000, 0x00000000e4900000, 0x00000000e4a00000|  0%| F|  |TAMS 0x00000000e4900000, 0x00000000e4900000| Untracked 
|  74|0x00000000e4a00000, 0x00000000e4a00000, 0x00000000e4b00000|  0%| F|  |TAMS 0x00000000e4a00000, 0x00000000e4a00000| Untracked 
|  75|0x00000000e4b00000, 0x00000000e4b00000, 0x00000000e4c00000|  0%| F|  |TAMS 0x00000000e4b00000, 0x00000000e4b00000| Untracked 
|  76|0x00000000e4c00000, 0x00000000e4c00000, 0x00000000e4d00000|  0%| F|  |TAMS 0x00000000e4c00000, 0x00000000e4c00000| Untracked 
|  77|0x00000000e4d00000, 0x00000000e4d00000, 0x00000000e4e00000|  0%| F|  |TAMS 0x00000000e4d00000, 0x00000000e4d00000| Untracked 
|  78|0x00000000e4e00000, 0x00000000e4e00000, 0x00000000e4f00000|  0%| F|  |TAMS 0x00000000e4e00000, 0x00000000e4e00000| Untracked 
|  79|0x00000000e4f00000, 0x00000000e4f00000, 0x00000000e5000000|  0%| F|  |TAMS 0x00000000e4f00000, 0x00000000e4f00000| Untracked 
|  80|0x00000000e5000000, 0x00000000e5000000, 0x00000000e5100000|  0%| F|  |TAMS 0x00000000e5000000, 0x00000000e5000000| Untracked 
|  81|0x00000000e5100000, 0x00000000e5100000, 0x00000000e5200000|  0%| F|  |TAMS 0x00000000e5100000, 0x00000000e5100000| Untracked 
|  82|0x00000000e5200000, 0x00000000e5200000, 0x00000000e5300000|  0%| F|  |TAMS 0x00000000e5200000, 0x00000000e5200000| Untracked 
|  83|0x00000000e5300000, 0x00000000e5300000, 0x00000000e5400000|  0%| F|  |TAMS 0x00000000e5300000, 0x00000000e5300000| Untracked 
|  84|0x00000000e5400000, 0x00000000e5400000, 0x00000000e5500000|  0%| F|  |TAMS 0x00000000e5400000, 0x00000000e5400000| Untracked 
|  85|0x00000000e5500000, 0x00000000e5500000, 0x00000000e5600000|  0%| F|  |TAMS 0x00000000e5500000, 0x00000000e5500000| Untracked 
|  86|0x00000000e5600000, 0x00000000e5600000, 0x00000000e5700000|  0%| F|  |TAMS 0x00000000e5600000, 0x00000000e5600000| Untracked 
|  87|0x00000000e5700000, 0x00000000e5700000, 0x00000000e5800000|  0%| F|  |TAMS 0x00000000e5700000, 0x00000000e5700000| Untracked 
|  88|0x00000000e5800000, 0x00000000e5800000, 0x00000000e5900000|  0%| F|  |TAMS 0x00000000e5800000, 0x00000000e5800000| Untracked 
|  89|0x00000000e5900000, 0x00000000e5900000, 0x00000000e5a00000|  0%| F|  |TAMS 0x00000000e5900000, 0x00000000e5900000| Untracked 
|  90|0x00000000e5a00000, 0x00000000e5a00000, 0x00000000e5b00000|  0%| F|  |TAMS 0x00000000e5a00000, 0x00000000e5a00000| Untracked 
|  91|0x00000000e5b00000, 0x00000000e5b00000, 0x00000000e5c00000|  0%| F|  |TAMS 0x00000000e5b00000, 0x00000000e5b00000| Untracked 
|  92|0x00000000e5c00000, 0x00000000e5c00000, 0x00000000e5d00000|  0%| F|  |TAMS 0x00000000e5c00000, 0x00000000e5c00000| Untracked 
|  93|0x00000000e5d00000, 0x00000000e5d00000, 0x00000000e5e00000|  0%| F|  |TAMS 0x00000000e5d00000, 0x00000000e5d00000| Untracked 
|  94|0x00000000e5e00000, 0x00000000e5e00000, 0x00000000e5f00000|  0%| F|  |TAMS 0x00000000e5e00000, 0x00000000e5e00000| Untracked 
|  95|0x00000000e5f00000, 0x00000000e5f00000, 0x00000000e6000000|  0%| F|  |TAMS 0x00000000e5f00000, 0x00000000e5f00000| Untracked 
|  96|0x00000000e6000000, 0x00000000e6000000, 0x00000000e6100000|  0%| F|  |TAMS 0x00000000e6000000, 0x00000000e6000000| Untracked 
|  97|0x00000000e6100000, 0x00000000e6100000, 0x00000000e6200000|  0%| F|  |TAMS 0x00000000e6100000, 0x00000000e6100000| Untracked 
|  98|0x00000000e6200000, 0x00000000e6200000, 0x00000000e6300000|  0%| F|  |TAMS 0x00000000e6200000, 0x00000000e6200000| Untracked 
|  99|0x00000000e6300000, 0x00000000e6300000, 0x00000000e6400000|  0%| F|  |TAMS 0x00000000e6300000, 0x00000000e6300000| Untracked 
| 100|0x00000000e6400000, 0x00000000e6400000, 0x00000000e6500000|  0%| F|  |TAMS 0x00000000e6400000, 0x00000000e6400000| Untracked 
| 101|0x00000000e6500000, 0x00000000e6500000, 0x00000000e6600000|  0%| F|  |TAMS 0x00000000e6500000, 0x00000000e6500000| Untracked 
| 102|0x00000000e6600000, 0x00000000e6600000, 0x00000000e6700000|  0%| F|  |TAMS 0x00000000e6600000, 0x00000000e6600000| Untracked 
| 103|0x00000000e6700000, 0x00000000e6700000, 0x00000000e6800000|  0%| F|  |TAMS 0x00000000e6700000, 0x00000000e6700000| Untracked 
| 104|0x00000000e6800000, 0x00000000e6800000, 0x00000000e6900000|  0%| F|  |TAMS 0x00000000e6800000, 0x00000000e6800000| Untracked 
| 105|0x00000000e6900000, 0x00000000e6900000, 0x00000000e6a00000|  0%| F|  |TAMS 0x00000000e6900000, 0x00000000e6900000| Untracked 
| 106|0x00000000e6a00000, 0x00000000e6a00000, 0x00000000e6b00000|  0%| F|  |TAMS 0x00000000e6a00000, 0x00000000e6a00000| Untracked 
| 107|0x00000000e6b00000, 0x00000000e6b00000, 0x00000000e6c00000|  0%| F|  |TAMS 0x00000000e6b00000, 0x00000000e6b00000| Untracked 
| 108|0x00000000e6c00000, 0x00000000e6c00000, 0x00000000e6d00000|  0%| F|  |TAMS 0x00000000e6c00000, 0x00000000e6c00000| Untracked 
| 109|0x00000000e6d00000, 0x00000000e6d00000, 0x00000000e6e00000|  0%| F|  |TAMS 0x00000000e6d00000, 0x00000000e6d00000| Untracked 
| 110|0x00000000e6e00000, 0x00000000e6e00000, 0x00000000e6f00000|  0%| F|  |TAMS 0x00000000e6e00000, 0x00000000e6e00000| Untracked 
| 111|0x00000000e6f00000, 0x00000000e6f00000, 0x00000000e7000000|  0%| F|  |TAMS 0x00000000e6f00000, 0x00000000e6f00000| Untracked 
| 112|0x00000000e7000000, 0x00000000e7000000, 0x00000000e7100000|  0%| F|  |TAMS 0x00000000e7000000, 0x00000000e7000000| Untracked 
| 113|0x00000000e7100000, 0x00000000e7100000, 0x00000000e7200000|  0%| F|  |TAMS 0x00000000e7100000, 0x00000000e7100000| Untracked 
| 114|0x00000000e7200000, 0x00000000e7200000, 0x00000000e7300000|  0%| F|  |TAMS 0x00000000e7200000, 0x00000000e7200000| Untracked 
| 115|0x00000000e7300000, 0x00000000e7300000, 0x00000000e7400000|  0%| F|  |TAMS 0x00000000e7300000, 0x00000000e7300000| Untracked 
| 116|0x00000000e7400000, 0x00000000e7400000, 0x00000000e7500000|  0%| F|  |TAMS 0x00000000e7400000, 0x00000000e7400000| Untracked 
| 117|0x00000000e7500000, 0x00000000e7500000, 0x00000000e7600000|  0%| F|  |TAMS 0x00000000e7500000, 0x00000000e7500000| Untracked 
| 118|0x00000000e7600000, 0x00000000e7600000, 0x00000000e7700000|  0%| F|  |TAMS 0x00000000e7600000, 0x00000000e7600000| Untracked 
| 119|0x00000000e7700000, 0x00000000e7700000, 0x00000000e7800000|  0%| F|  |TAMS 0x00000000e7700000, 0x00000000e7700000| Untracked 
| 120|0x00000000e7800000, 0x00000000e7800000, 0x00000000e7900000|  0%| F|  |TAMS 0x00000000e7800000, 0x00000000e7800000| Untracked 
| 121|0x00000000e7900000, 0x00000000e7900000, 0x00000000e7a00000|  0%| F|  |TAMS 0x00000000e7900000, 0x00000000e7900000| Untracked 
| 122|0x00000000e7a00000, 0x00000000e7a00000, 0x00000000e7b00000|  0%| F|  |TAMS 0x00000000e7a00000, 0x00000000e7a00000| Untracked 
| 123|0x00000000e7b00000, 0x00000000e7b00000, 0x00000000e7c00000|  0%| F|  |TAMS 0x00000000e7b00000, 0x00000000e7b00000| Untracked 
| 124|0x00000000e7c00000, 0x00000000e7c00000, 0x00000000e7d00000|  0%| F|  |TAMS 0x00000000e7c00000, 0x00000000e7c00000| Untracked 
| 125|0x00000000e7d00000, 0x00000000e7d00000, 0x00000000e7e00000|  0%| F|  |TAMS 0x00000000e7d00000, 0x00000000e7d00000| Untracked 
| 126|0x00000000e7e00000, 0x00000000e7e00000, 0x00000000e7f00000|  0%| F|  |TAMS 0x00000000e7e00000, 0x00000000e7e00000| Untracked 
| 127|0x00000000e7f00000, 0x00000000e7f00000, 0x00000000e8000000|  0%| F|  |TAMS 0x00000000e7f00000, 0x00000000e7f00000| Untracked 
| 128|0x00000000e8000000, 0x00000000e8000000, 0x00000000e8100000|  0%| F|  |TAMS 0x00000000e8000000, 0x00000000e8000000| Untracked 
| 129|0x00000000e8100000, 0x00000000e8100000, 0x00000000e8200000|  0%| F|  |TAMS 0x00000000e8100000, 0x00000000e8100000| Untracked 
| 130|0x00000000e8200000, 0x00000000e8200000, 0x00000000e8300000|  0%| F|  |TAMS 0x00000000e8200000, 0x00000000e8200000| Untracked 
| 131|0x00000000e8300000, 0x00000000e8300000, 0x00000000e8400000|  0%| F|  |TAMS 0x00000000e8300000, 0x00000000e8300000| Untracked 
| 132|0x00000000e8400000, 0x00000000e8400000, 0x00000000e8500000|  0%| F|  |TAMS 0x00000000e8400000, 0x00000000e8400000| Untracked 
| 133|0x00000000e8500000, 0x00000000e8500000, 0x00000000e8600000|  0%| F|  |TAMS 0x00000000e8500000, 0x00000000e8500000| Untracked 
| 134|0x00000000e8600000, 0x00000000e8600000, 0x00000000e8700000|  0%| F|  |TAMS 0x00000000e8600000, 0x00000000e8600000| Untracked 
| 135|0x00000000e8700000, 0x00000000e8700000, 0x00000000e8800000|  0%| F|  |TAMS 0x00000000e8700000, 0x00000000e8700000| Untracked 
| 136|0x00000000e8800000, 0x00000000e8800000, 0x00000000e8900000|  0%| F|  |TAMS 0x00000000e8800000, 0x00000000e8800000| Untracked 
| 137|0x00000000e8900000, 0x00000000e8900000, 0x00000000e8a00000|  0%| F|  |TAMS 0x00000000e8900000, 0x00000000e8900000| Untracked 
| 138|0x00000000e8a00000, 0x00000000e8a00000, 0x00000000e8b00000|  0%| F|  |TAMS 0x00000000e8a00000, 0x00000000e8a00000| Untracked 
| 139|0x00000000e8b00000, 0x00000000e8b00000, 0x00000000e8c00000|  0%| F|  |TAMS 0x00000000e8b00000, 0x00000000e8b00000| Untracked 
| 140|0x00000000e8c00000, 0x00000000e8c00000, 0x00000000e8d00000|  0%| F|  |TAMS 0x00000000e8c00000, 0x00000000e8c00000| Untracked 
| 141|0x00000000e8d00000, 0x00000000e8d00000, 0x00000000e8e00000|  0%| F|  |TAMS 0x00000000e8d00000, 0x00000000e8d00000| Untracked 
| 142|0x00000000e8e00000, 0x00000000e8e00000, 0x00000000e8f00000|  0%| F|  |TAMS 0x00000000e8e00000, 0x00000000e8e00000| Untracked 
| 143|0x00000000e8f00000, 0x00000000e8f00000, 0x00000000e9000000|  0%| F|  |TAMS 0x00000000e8f00000, 0x00000000e8f00000| Untracked 
| 144|0x00000000e9000000, 0x00000000e9000000, 0x00000000e9100000|  0%| F|  |TAMS 0x00000000e9000000, 0x00000000e9000000| Untracked 
| 145|0x00000000e9100000, 0x00000000e9100000, 0x00000000e9200000|  0%| F|  |TAMS 0x00000000e9100000, 0x00000000e9100000| Untracked 
| 146|0x00000000e9200000, 0x00000000e9200000, 0x00000000e9300000|  0%| F|  |TAMS 0x00000000e9200000, 0x00000000e9200000| Untracked 
| 147|0x00000000e9300000, 0x00000000e9300000, 0x00000000e9400000|  0%| F|  |TAMS 0x00000000e9300000, 0x00000000e9300000| Untracked 
| 148|0x00000000e9400000, 0x00000000e9400000, 0x00000000e9500000|  0%| F|  |TAMS 0x00000000e9400000, 0x00000000e9400000| Untracked 
| 149|0x00000000e9500000, 0x00000000e9500000, 0x00000000e9600000|  0%| F|  |TAMS 0x00000000e9500000, 0x00000000e9500000| Untracked 
| 150|0x00000000e9600000, 0x00000000e9600000, 0x00000000e9700000|  0%| F|  |TAMS 0x00000000e9600000, 0x00000000e9600000| Untracked 
| 151|0x00000000e9700000, 0x00000000e9700000, 0x00000000e9800000|  0%| F|  |TAMS 0x00000000e9700000, 0x00000000e9700000| Untracked 
| 152|0x00000000e9800000, 0x00000000e9800000, 0x00000000e9900000|  0%| F|  |TAMS 0x00000000e9800000, 0x00000000e9800000| Untracked 
| 153|0x00000000e9900000, 0x00000000e9900000, 0x00000000e9a00000|  0%| F|  |TAMS 0x00000000e9900000, 0x00000000e9900000| Untracked 
| 154|0x00000000e9a00000, 0x00000000e9a00000, 0x00000000e9b00000|  0%| F|  |TAMS 0x00000000e9a00000, 0x00000000e9a00000| Untracked 
| 155|0x00000000e9b00000, 0x00000000e9b00000, 0x00000000e9c00000|  0%| F|  |TAMS 0x00000000e9b00000, 0x00000000e9b00000| Untracked 
| 156|0x00000000e9c00000, 0x00000000e9c00000, 0x00000000e9d00000|  0%| F|  |TAMS 0x00000000e9c00000, 0x00000000e9c00000| Untracked 
| 157|0x00000000e9d00000, 0x00000000e9d00000, 0x00000000e9e00000|  0%| F|  |TAMS 0x00000000e9d00000, 0x00000000e9d00000| Untracked 
| 158|0x00000000e9e00000, 0x00000000e9e00000, 0x00000000e9f00000|  0%| F|  |TAMS 0x00000000e9e00000, 0x00000000e9e00000| Untracked 
| 159|0x00000000e9f00000, 0x00000000e9f00000, 0x00000000ea000000|  0%| F|  |TAMS 0x00000000e9f00000, 0x00000000e9f00000| Untracked 
| 160|0x00000000ea000000, 0x00000000ea000000, 0x00000000ea100000|  0%| F|  |TAMS 0x00000000ea000000, 0x00000000ea000000| Untracked 
| 161|0x00000000ea100000, 0x00000000ea100000, 0x00000000ea200000|  0%| F|  |TAMS 0x00000000ea100000, 0x00000000ea100000| Untracked 
| 162|0x00000000ea200000, 0x00000000ea200000, 0x00000000ea300000|  0%| F|  |TAMS 0x00000000ea200000, 0x00000000ea200000| Untracked 
| 163|0x00000000ea300000, 0x00000000ea300000, 0x00000000ea400000|  0%| F|  |TAMS 0x00000000ea300000, 0x00000000ea300000| Untracked 
| 164|0x00000000ea400000, 0x00000000ea400000, 0x00000000ea500000|  0%| F|  |TAMS 0x00000000ea400000, 0x00000000ea400000| Untracked 
| 165|0x00000000ea500000, 0x00000000ea500000, 0x00000000ea600000|  0%| F|  |TAMS 0x00000000ea500000, 0x00000000ea500000| Untracked 
| 166|0x00000000ea600000, 0x00000000ea600000, 0x00000000ea700000|  0%| F|  |TAMS 0x00000000ea600000, 0x00000000ea600000| Untracked 
| 167|0x00000000ea700000, 0x00000000ea700000, 0x00000000ea800000|  0%| F|  |TAMS 0x00000000ea700000, 0x00000000ea700000| Untracked 
| 168|0x00000000ea800000, 0x00000000ea800000, 0x00000000ea900000|  0%| F|  |TAMS 0x00000000ea800000, 0x00000000ea800000| Untracked 
| 169|0x00000000ea900000, 0x00000000ea900000, 0x00000000eaa00000|  0%| F|  |TAMS 0x00000000ea900000, 0x00000000ea900000| Untracked 
| 170|0x00000000eaa00000, 0x00000000eaa00000, 0x00000000eab00000|  0%| F|  |TAMS 0x00000000eaa00000, 0x00000000eaa00000| Untracked 
| 171|0x00000000eab00000, 0x00000000eab00000, 0x00000000eac00000|  0%| F|  |TAMS 0x00000000eab00000, 0x00000000eab00000| Untracked 
| 172|0x00000000eac00000, 0x00000000eac00000, 0x00000000ead00000|  0%| F|  |TAMS 0x00000000eac00000, 0x00000000eac00000| Untracked 
| 173|0x00000000ead00000, 0x00000000ead00000, 0x00000000eae00000|  0%| F|  |TAMS 0x00000000ead00000, 0x00000000ead00000| Untracked 
| 174|0x00000000eae00000, 0x00000000eae00000, 0x00000000eaf00000|  0%| F|  |TAMS 0x00000000eae00000, 0x00000000eae00000| Untracked 
| 175|0x00000000eaf00000, 0x00000000eaf00000, 0x00000000eb000000|  0%| F|  |TAMS 0x00000000eaf00000, 0x00000000eaf00000| Untracked 
| 176|0x00000000eb000000, 0x00000000eb000000, 0x00000000eb100000|  0%| F|  |TAMS 0x00000000eb000000, 0x00000000eb000000| Untracked 
| 177|0x00000000eb100000, 0x00000000eb100000, 0x00000000eb200000|  0%| F|  |TAMS 0x00000000eb100000, 0x00000000eb100000| Untracked 
| 178|0x00000000eb200000, 0x00000000eb200000, 0x00000000eb300000|  0%| F|  |TAMS 0x00000000eb200000, 0x00000000eb200000| Untracked 
| 179|0x00000000eb300000, 0x00000000eb300000, 0x00000000eb400000|  0%| F|  |TAMS 0x00000000eb300000, 0x00000000eb300000| Untracked 
| 180|0x00000000eb400000, 0x00000000eb400000, 0x00000000eb500000|  0%| F|  |TAMS 0x00000000eb400000, 0x00000000eb400000| Untracked 
| 181|0x00000000eb500000, 0x00000000eb500000, 0x00000000eb600000|  0%| F|  |TAMS 0x00000000eb500000, 0x00000000eb500000| Untracked 
| 182|0x00000000eb600000, 0x00000000eb600000, 0x00000000eb700000|  0%| F|  |TAMS 0x00000000eb600000, 0x00000000eb600000| Untracked 
| 183|0x00000000eb700000, 0x00000000eb700000, 0x00000000eb800000|  0%| F|  |TAMS 0x00000000eb700000, 0x00000000eb700000| Untracked 
| 184|0x00000000eb800000, 0x00000000eb800000, 0x00000000eb900000|  0%| F|  |TAMS 0x00000000eb800000, 0x00000000eb800000| Untracked 
| 185|0x00000000eb900000, 0x00000000eb900000, 0x00000000eba00000|  0%| F|  |TAMS 0x00000000eb900000, 0x00000000eb900000| Untracked 
| 186|0x00000000eba00000, 0x00000000eba00000, 0x00000000ebb00000|  0%| F|  |TAMS 0x00000000eba00000, 0x00000000eba00000| Untracked 
| 187|0x00000000ebb00000, 0x00000000ebb00000, 0x00000000ebc00000|  0%| F|  |TAMS 0x00000000ebb00000, 0x00000000ebb00000| Untracked 
| 188|0x00000000ebc00000, 0x00000000ebc00000, 0x00000000ebd00000|  0%| F|  |TAMS 0x00000000ebc00000, 0x00000000ebc00000| Untracked 
| 189|0x00000000ebd00000, 0x00000000ebd00000, 0x00000000ebe00000|  0%| F|  |TAMS 0x00000000ebd00000, 0x00000000ebd00000| Untracked 
| 190|0x00000000ebe00000, 0x00000000ebe00000, 0x00000000ebf00000|  0%| F|  |TAMS 0x00000000ebe00000, 0x00000000ebe00000| Untracked 
| 191|0x00000000ebf00000, 0x00000000ebf00000, 0x00000000ec000000|  0%| F|  |TAMS 0x00000000ebf00000, 0x00000000ebf00000| Untracked 
| 192|0x00000000ec000000, 0x00000000ec000000, 0x00000000ec100000|  0%| F|  |TAMS 0x00000000ec000000, 0x00000000ec000000| Untracked 
| 193|0x00000000ec100000, 0x00000000ec100000, 0x00000000ec200000|  0%| F|  |TAMS 0x00000000ec100000, 0x00000000ec100000| Untracked 
| 194|0x00000000ec200000, 0x00000000ec200000, 0x00000000ec300000|  0%| F|  |TAMS 0x00000000ec200000, 0x00000000ec200000| Untracked 
| 195|0x00000000ec300000, 0x00000000ec380ae8, 0x00000000ec400000| 50%| E|  |TAMS 0x00000000ec300000, 0x00000000ec300000| Complete 
| 196|0x00000000ec400000, 0x00000000ec500000, 0x00000000ec500000|100%| E|CS|TAMS 0x00000000ec400000, 0x00000000ec400000| Complete 
| 197|0x00000000ec500000, 0x00000000ec600000, 0x00000000ec600000|100%| E|CS|TAMS 0x00000000ec500000, 0x00000000ec500000| Complete 
| 198|0x00000000ec600000, 0x00000000ec700000, 0x00000000ec700000|100%| E|CS|TAMS 0x00000000ec600000, 0x00000000ec600000| Complete 
| 199|0x00000000ec700000, 0x00000000ec800000, 0x00000000ec800000|100%| E|CS|TAMS 0x00000000ec700000, 0x00000000ec700000| Complete 
| 200|0x00000000ec800000, 0x00000000ec900000, 0x00000000ec900000|100%| E|CS|TAMS 0x00000000ec800000, 0x00000000ec800000| Complete 
| 201|0x00000000ec900000, 0x00000000eca00000, 0x00000000eca00000|100%| E|CS|TAMS 0x00000000ec900000, 0x00000000ec900000| Complete 
| 202|0x00000000eca00000, 0x00000000ecb00000, 0x00000000ecb00000|100%| E|CS|TAMS 0x00000000eca00000, 0x00000000eca00000| Complete 
| 203|0x00000000ecb00000, 0x00000000ecc00000, 0x00000000ecc00000|100%| E|CS|TAMS 0x00000000ecb00000, 0x00000000ecb00000| Complete 
| 204|0x00000000ecc00000, 0x00000000ecd00000, 0x00000000ecd00000|100%| E|CS|TAMS 0x00000000ecc00000, 0x00000000ecc00000| Complete 
| 205|0x00000000ecd00000, 0x00000000ece00000, 0x00000000ece00000|100%| E|CS|TAMS 0x00000000ecd00000, 0x00000000ecd00000| Complete 
| 206|0x00000000ece00000, 0x00000000ecf00000, 0x00000000ecf00000|100%| E|CS|TAMS 0x00000000ece00000, 0x00000000ece00000| Complete 
| 207|0x00000000ecf00000, 0x00000000ed000000, 0x00000000ed000000|100%| E|CS|TAMS 0x00000000ecf00000, 0x00000000ecf00000| Complete 
| 208|0x00000000ed000000, 0x00000000ed100000, 0x00000000ed100000|100%| E|CS|TAMS 0x00000000ed000000, 0x00000000ed000000| Complete 
| 209|0x00000000ed100000, 0x00000000ed200000, 0x00000000ed200000|100%| E|CS|TAMS 0x00000000ed100000, 0x00000000ed100000| Complete 
| 210|0x00000000ed200000, 0x00000000ed300000, 0x00000000ed300000|100%| E|CS|TAMS 0x00000000ed200000, 0x00000000ed200000| Complete 
| 211|0x00000000ed300000, 0x00000000ed400000, 0x00000000ed400000|100%| E|CS|TAMS 0x00000000ed300000, 0x00000000ed300000| Complete 
| 212|0x00000000ed400000, 0x00000000ed500000, 0x00000000ed500000|100%| E|CS|TAMS 0x00000000ed400000, 0x00000000ed400000| Complete 
| 213|0x00000000ed500000, 0x00000000ed600000, 0x00000000ed600000|100%| E|CS|TAMS 0x00000000ed500000, 0x00000000ed500000| Complete 
| 214|0x00000000ed600000, 0x00000000ed700000, 0x00000000ed700000|100%| E|CS|TAMS 0x00000000ed600000, 0x00000000ed600000| Complete 
| 215|0x00000000ed700000, 0x00000000ed800000, 0x00000000ed800000|100%| E|CS|TAMS 0x00000000ed700000, 0x00000000ed700000| Complete 
| 216|0x00000000ed800000, 0x00000000ed900000, 0x00000000ed900000|100%| E|CS|TAMS 0x00000000ed800000, 0x00000000ed800000| Complete 
| 217|0x00000000ed900000, 0x00000000eda00000, 0x00000000eda00000|100%| E|CS|TAMS 0x00000000ed900000, 0x00000000ed900000| Complete 
| 218|0x00000000eda00000, 0x00000000edb00000, 0x00000000edb00000|100%| E|CS|TAMS 0x00000000eda00000, 0x00000000eda00000| Complete 
| 219|0x00000000edb00000, 0x00000000edc00000, 0x00000000edc00000|100%| E|CS|TAMS 0x00000000edb00000, 0x00000000edb00000| Complete 
| 220|0x00000000edc00000, 0x00000000edd00000, 0x00000000edd00000|100%| E|CS|TAMS 0x00000000edc00000, 0x00000000edc00000| Complete 
| 221|0x00000000edd00000, 0x00000000ede00000, 0x00000000ede00000|100%| E|CS|TAMS 0x00000000edd00000, 0x00000000edd00000| Complete 
| 222|0x00000000ede00000, 0x00000000edf00000, 0x00000000edf00000|100%| E|CS|TAMS 0x00000000ede00000, 0x00000000ede00000| Complete 
| 223|0x00000000edf00000, 0x00000000ee000000, 0x00000000ee000000|100%| E|CS|TAMS 0x00000000edf00000, 0x00000000edf00000| Complete 
| 224|0x00000000ee000000, 0x00000000ee100000, 0x00000000ee100000|100%| E|CS|TAMS 0x00000000ee000000, 0x00000000ee000000| Complete 
| 225|0x00000000ee100000, 0x00000000ee1cce40, 0x00000000ee200000| 80%| S|CS|TAMS 0x00000000ee100000, 0x00000000ee100000| Complete 
| 226|0x00000000ee200000, 0x00000000ee300000, 0x00000000ee300000|100%| E|CS|TAMS 0x00000000ee200000, 0x00000000ee200000| Complete 
| 227|0x00000000ee300000, 0x00000000ee400000, 0x00000000ee400000|100%| E|CS|TAMS 0x00000000ee300000, 0x00000000ee300000| Complete 
| 228|0x00000000ee400000, 0x00000000ee500000, 0x00000000ee500000|100%| E|CS|TAMS 0x00000000ee400000, 0x00000000ee400000| Complete 
| 229|0x00000000ee500000, 0x00000000ee600000, 0x00000000ee600000|100%| E|CS|TAMS 0x00000000ee500000, 0x00000000ee500000| Complete 
| 230|0x00000000ee600000, 0x00000000ee700000, 0x00000000ee700000|100%| E|CS|TAMS 0x00000000ee600000, 0x00000000ee600000| Complete 
| 231|0x00000000ee700000, 0x00000000ee800000, 0x00000000ee800000|100%| E|CS|TAMS 0x00000000ee700000, 0x00000000ee700000| Complete 
| 232|0x00000000ee800000, 0x00000000ee900000, 0x00000000ee900000|100%| E|CS|TAMS 0x00000000ee800000, 0x00000000ee800000| Complete 
| 233|0x00000000ee900000, 0x00000000eea00000, 0x00000000eea00000|100%| E|CS|TAMS 0x00000000ee900000, 0x00000000ee900000| Complete 
| 234|0x00000000eea00000, 0x00000000eeb00000, 0x00000000eeb00000|100%| E|CS|TAMS 0x00000000eea00000, 0x00000000eea00000| Complete 
| 235|0x00000000eeb00000, 0x00000000eec00000, 0x00000000eec00000|100%| E|CS|TAMS 0x00000000eeb00000, 0x00000000eeb00000| Complete 
| 236|0x00000000eec00000, 0x00000000eed00000, 0x00000000eed00000|100%| E|CS|TAMS 0x00000000eec00000, 0x00000000eec00000| Complete 
| 237|0x00000000eed00000, 0x00000000eee00000, 0x00000000eee00000|100%| E|CS|TAMS 0x00000000eed00000, 0x00000000eed00000| Complete 
| 238|0x00000000eee00000, 0x00000000eef00000, 0x00000000eef00000|100%| E|CS|TAMS 0x00000000eee00000, 0x00000000eee00000| Complete 
| 239|0x00000000eef00000, 0x00000000ef000000, 0x00000000ef000000|100%| E|CS|TAMS 0x00000000eef00000, 0x00000000eef00000| Complete 
| 240|0x00000000ef000000, 0x00000000ef100000, 0x00000000ef100000|100%| E|CS|TAMS 0x00000000ef000000, 0x00000000ef000000| Complete 
| 241|0x00000000ef100000, 0x00000000ef200000, 0x00000000ef200000|100%| E|CS|TAMS 0x00000000ef100000, 0x00000000ef100000| Complete 
| 242|0x00000000ef200000, 0x00000000ef300000, 0x00000000ef300000|100%| E|CS|TAMS 0x00000000ef200000, 0x00000000ef200000| Complete 
| 243|0x00000000ef300000, 0x00000000ef400000, 0x00000000ef400000|100%| E|CS|TAMS 0x00000000ef300000, 0x00000000ef300000| Complete 
| 244|0x00000000ef400000, 0x00000000ef500000, 0x00000000ef500000|100%| E|CS|TAMS 0x00000000ef400000, 0x00000000ef400000| Complete 
| 245|0x00000000ef500000, 0x00000000ef600000, 0x00000000ef600000|100%| E|CS|TAMS 0x00000000ef500000, 0x00000000ef500000| Complete 
| 246|0x00000000ef600000, 0x00000000ef700000, 0x00000000ef700000|100%| E|CS|TAMS 0x00000000ef600000, 0x00000000ef600000| Complete 
| 247|0x00000000ef700000, 0x00000000ef800000, 0x00000000ef800000|100%| E|CS|TAMS 0x00000000ef700000, 0x00000000ef700000| Complete 
| 248|0x00000000ef800000, 0x00000000ef900000, 0x00000000ef900000|100%| E|CS|TAMS 0x00000000ef800000, 0x00000000ef800000| Complete 
| 249|0x00000000ef900000, 0x00000000efa00000, 0x00000000efa00000|100%| E|CS|TAMS 0x00000000ef900000, 0x00000000ef900000| Complete 
| 250|0x00000000efa00000, 0x00000000efb00000, 0x00000000efb00000|100%| E|CS|TAMS 0x00000000efa00000, 0x00000000efa00000| Complete 
| 251|0x00000000efb00000, 0x00000000efc00000, 0x00000000efc00000|100%| E|  |TAMS 0x00000000efb00000, 0x00000000efb00000| Complete 
| 252|0x00000000efc00000, 0x00000000efd00000, 0x00000000efd00000|100%| E|CS|TAMS 0x00000000efc00000, 0x00000000efc00000| Complete 
| 253|0x00000000efd00000, 0x00000000efe00000, 0x00000000efe00000|100%| E|CS|TAMS 0x00000000efd00000, 0x00000000efd00000| Complete 
| 254|0x00000000efe00000, 0x00000000eff00000, 0x00000000eff00000|100%| E|CS|TAMS 0x00000000efe00000, 0x00000000efe00000| Complete 
| 255|0x00000000eff00000, 0x00000000f0000000, 0x00000000f0000000|100%| E|CS|TAMS 0x00000000eff00000, 0x00000000eff00000| Complete 

Card table byte_map: [0x000001bff8300000,0x000001bff8400000] _byte_map_base: 0x000001bff7c00000

Marking Bits (Prev, Next): (CMBitMap*) 0x000001bff03ccd90, (CMBitMap*) 0x000001bff03ccdd0
 Prev Bits: [0x000001bff8500000, 0x000001bff8d00000)
 Next Bits: [0x000001bff8d00000, 0x000001bff9500000)

Polling page: 0x000001bfee2e0000

Metaspace:

Usage:
  Non-class:     11.47 MB used.
      Class:      1.86 MB used.
       Both:     13.33 MB used.

Virtual space:
  Non-class space:       64.00 MB reserved,      11.62 MB ( 18%) committed,  1 nodes.
      Class space:      320.00 MB reserved,       2.06 MB ( <1%) committed,  1 nodes.
             Both:      384.00 MB reserved,      13.69 MB (  4%) committed. 

Chunk freelists:
   Non-Class:  4.17 MB
       Class:  13.81 MB
        Both:  17.98 MB

MaxMetaspaceSize: 384.00 MB
CompressedClassSpaceSize: 320.00 MB
Initial GC threshold: 21.00 MB
Current GC threshold: 21.00 MB
CDS: on
MetaspaceReclaimPolicy: balanced
 - commit_granule_bytes: 65536.
 - commit_granule_words: 8192.
 - virtual_space_node_default_size: 8388608.
 - enlarge_chunks_in_place: 1.
 - new_chunks_are_fully_committed: 0.
 - uncommit_free_chunks: 1.
 - use_allocation_guard: 0.
 - handle_deallocations: 1.


Internal statistics:

num_allocs_failed_limit: 0.
num_arena_births: 204.
num_arena_deaths: 0.
num_vsnodes_births: 2.
num_vsnodes_deaths: 0.
num_space_committed: 219.
num_space_uncommitted: 0.
num_chunks_returned_to_freelist: 0.
num_chunks_taken_from_freelist: 597.
num_chunk_merges: 0.
num_chunk_splits: 412.
num_chunks_enlarged: 310.
num_inconsistent_stats: 0.

CodeHeap 'non-profiled nmethods': size=120000Kb used=1125Kb max_used=1125Kb free=118874Kb
 bounds [0x000001bf87ad0000, 0x000001bf87d40000, 0x000001bf8f000000]
CodeHeap 'profiled nmethods': size=120000Kb used=4451Kb max_used=4451Kb free=115548Kb
 bounds [0x000001bf80000000, 0x000001bf80460000, 0x000001bf87530000]
CodeHeap 'non-nmethods': size=5760Kb used=1212Kb max_used=1236Kb free=4547Kb
 bounds [0x000001bf87530000, 0x000001bf877a0000, 0x000001bf87ad0000]
 total_blobs=2750 nmethods=2230 adapters=432
 compilation: enabled
              stopped_count=0, restarted_count=0
 full_count=0

Compilation events (20 events):
Event: 5.818 Thread 0x000001bffbf47130 2198       1       org.gradle.internal.service.DefaultServiceRegistry$SingletonService::getServiceType (5 bytes)
Event: 5.818 Thread 0x000001bffbf47130 nmethod 2198 0x000001bf87be7590 code [0x000001bf87be7720, 0x000001bf87be77f8]
Event: 5.820 Thread 0x000001bffbf47130 2199       1       java.lang.reflect.Constructor::getModifiers (5 bytes)
Event: 5.820 Thread 0x000001bffbf47130 nmethod 2199 0x000001bf87be7890 code [0x000001bf87be7a20, 0x000001bf87be7af8]
Event: 5.826 Thread 0x000001bffbf47130 2200       3       java.lang.Class::getInterfaces (6 bytes)
Event: 5.827 Thread 0x000001bffbf47130 nmethod 2200 0x000001bf80448610 code [0x000001bf804487a0, 0x000001bf804488e8]
Event: 5.841 Thread 0x000001bffbf47130 2201       3       java.nio.HeapByteBuffer::get (14 bytes)
Event: 5.842 Thread 0x000001bffbf47130 nmethod 2201 0x000001bf80448990 code [0x000001bf80448b60, 0x000001bf80448e48]
Event: 5.843 Thread 0x000001bffbf47130 2203       3       org.gradle.internal.service.DefaultServiceRegistry$FactoryService::<init> (7 bytes)
Event: 5.843 Thread 0x000001bffbf47130 nmethod 2203 0x000001bf80449010 code [0x000001bf80449220, 0x000001bf80449a88]
Event: 5.860 Thread 0x000001bffbf47130 2204       3       java.lang.reflect.Method::getGenericReturnType (20 bytes)
Event: 5.861 Thread 0x000001bffbf47130 nmethod 2204 0x000001bf80449d10 code [0x000001bf80449fc0, 0x000001bf8044b0f8]
Event: 5.865 Thread 0x000001bffbf47130 2205       3       java.util.LinkedList::checkPositionIndex (22 bytes)
Event: 5.866 Thread 0x000001bffbf47130 nmethod 2205 0x000001bf8044b610 code [0x000001bf8044b860, 0x000001bf8044bfc8]
Event: 5.866 Thread 0x000001bffbf47130 2206       3       java.util.LinkedList::isPositionIndex (18 bytes)
Event: 5.866 Thread 0x000001bffbf47130 nmethod 2206 0x000001bf8044c310 code [0x000001bf8044c4a0, 0x000001bf8044c638]
Event: 5.866 Thread 0x000001bffbf47130 2207       3       java.lang.reflect.Executable::getGenericParameterTypes (20 bytes)
Event: 5.867 Thread 0x000001bffbf47130 nmethod 2207 0x000001bf8044c710 code [0x000001bf8044c920, 0x000001bf8044d068]
Event: 5.867 Thread 0x000001bffbf47130 2208       1       java.util.LinkedList::size (5 bytes)
Event: 5.867 Thread 0x000001bffbf47130 nmethod 2208 0x000001bf87be8010 code [0x000001bf87be81a0, 0x000001bf87be8278]

GC Heap History (4 events):
Event: 1.381 GC heap before
{Heap before GC invocations=0 (full 0):
 garbage-first heap   total 262144K, used 26624K [0x00000000e0000000, 0x0000000100000000)
  region size 1024K, 23 young (23552K), 0 survivors (0K)
 Metaspace       used 3054K, committed 3200K, reserved 393216K
  class space    used 392K, committed 448K, reserved 327680K
}
Event: 1.389 GC heap after
{Heap after GC invocations=1 (full 0):
 garbage-first heap   total 262144K, used 10315K [0x00000000e0000000, 0x0000000100000000)
  region size 1024K, 3 young (3072K), 3 survivors (3072K)
 Metaspace       used 3054K, committed 3200K, reserved 393216K
  class space    used 392K, committed 448K, reserved 327680K
}
Event: 2.076 GC heap before
{Heap before GC invocations=1 (full 0):
 garbage-first heap   total 262144K, used 37963K [0x00000000e0000000, 0x0000000100000000)
  region size 1024K, 30 young (30720K), 3 survivors (3072K)
 Metaspace       used 4006K, committed 4160K, reserved 393216K
  class space    used 493K, committed 576K, reserved 327680K
}
Event: 2.084 GC heap after
{Heap after GC invocations=2 (full 0):
 garbage-first heap   total 262144K, used 11274K [0x00000000e0000000, 0x0000000100000000)
  region size 1024K, 1 young (1024K), 1 survivors (1024K)
 Metaspace       used 4006K, committed 4160K, reserved 393216K
  class space    used 493K, committed 576K, reserved 327680K
}

Dll operation events (15 events):
Event: 0.025 Loaded shared library C:\Users\MARIANA\.jdks\temurin-17.0.12\bin\java.dll
Event: 0.080 Loaded shared library C:\Users\MARIANA\.jdks\temurin-17.0.12\bin\jsvml.dll
Event: 0.273 Loaded shared library C:\Users\MARIANA\.jdks\temurin-17.0.12\bin\zip.dll
Event: 0.280 Loaded shared library C:\Users\MARIANA\.jdks\temurin-17.0.12\bin\instrument.dll
Event: 0.296 Loaded shared library C:\Users\MARIANA\.jdks\temurin-17.0.12\bin\net.dll
Event: 0.298 Loaded shared library C:\Users\MARIANA\.jdks\temurin-17.0.12\bin\nio.dll
Event: 0.311 Loaded shared library C:\Users\MARIANA\.jdks\temurin-17.0.12\bin\zip.dll
Event: 0.808 Loaded shared library C:\Users\MARIANA\.jdks\temurin-17.0.12\bin\jimage.dll
Event: 0.929 Loaded shared library C:\Users\MARIANA\.jdks\temurin-17.0.12\bin\verify.dll
Event: 1.217 Loaded shared library C:\Users\MARIANA\.gradle\native\c067742578af261105cb4f569cf0c3c89f3d7b1fecec35dd04571415982c5e48\windows-amd64\native-platform.dll
Event: 1.234 Loaded shared library C:\Users\MARIANA\.gradle\native\38dada09dfb8b06ba9b0570ebf7e218e3eb74d4ef43ca46872605cf95ebc2f47\windows-amd64\native-platform-file-events.dll
Event: 2.829 Loaded shared library C:\Users\MARIANA\.jdks\temurin-17.0.12\bin\management.dll
Event: 2.837 Loaded shared library C:\Users\MARIANA\.jdks\temurin-17.0.12\bin\management_ext.dll
Event: 3.377 Loaded shared library C:\Users\MARIANA\.jdks\temurin-17.0.12\bin\extnet.dll
Event: 5.108 Loaded shared library C:\Users\MARIANA\.jdks\temurin-17.0.12\bin\sunmscapi.dll

Deoptimization events (20 events):
Event: 5.239 Thread 0x000001bfa853c030 Uncommon trap: trap_request=0xffffff45 fr.pc=0x000001bf87aef118 relative=0x0000000000000438
Event: 5.239 Thread 0x000001bfa853c030 Uncommon trap: reason=unstable_if action=reinterpret pc=0x000001bf87aef118 method=java.util.regex.Matcher.match(II)Z @ 76 c2
Event: 5.239 Thread 0x000001bfa853c030 DEOPT PACKING pc=0x000001bf87aef118 sp=0x000000412cafdfd0
Event: 5.239 Thread 0x000001bfa853c030 DEOPT UNPACKING pc=0x000001bf875869a3 sp=0x000000412cafdfa0 mode 2
Event: 5.349 Thread 0x000001bfa8538d90 Uncommon trap: trap_request=0xffffffc6 fr.pc=0x000001bf87bc5be8 relative=0x0000000000000b48
Event: 5.349 Thread 0x000001bfa8538d90 Uncommon trap: reason=bimorphic_or_optimized_type_check action=maybe_recompile pc=0x000001bf87bc5be8 method=java.util.HashMap.putVal(ILjava/lang/Object;Ljava/lang/Object;ZZ)Ljava/lang/Object; @ 253 c2
Event: 5.349 Thread 0x000001bfa8538d90 DEOPT PACKING pc=0x000001bf87bc5be8 sp=0x000000412ccfeaf0
Event: 5.349 Thread 0x000001bfa8538d90 DEOPT UNPACKING pc=0x000001bf875869a3 sp=0x000000412ccfea90 mode 2
Event: 5.349 Thread 0x000001bfa8538d90 Uncommon trap: trap_request=0xffffffc6 fr.pc=0x000001bf87bc5be8 relative=0x0000000000000b48
Event: 5.349 Thread 0x000001bfa8538d90 Uncommon trap: reason=bimorphic_or_optimized_type_check action=maybe_recompile pc=0x000001bf87bc5be8 method=java.util.HashMap.putVal(ILjava/lang/Object;Ljava/lang/Object;ZZ)Ljava/lang/Object; @ 253 c2
Event: 5.349 Thread 0x000001bfa8538d90 DEOPT PACKING pc=0x000001bf87bc5be8 sp=0x000000412ccfebe0
Event: 5.349 Thread 0x000001bfa8538d90 DEOPT UNPACKING pc=0x000001bf875869a3 sp=0x000000412ccfeb80 mode 2
Event: 5.518 Thread 0x000001bfa8538d90 Uncommon trap: trap_request=0xffffff45 fr.pc=0x000001bf87b0b004 relative=0x0000000000000444
Event: 5.518 Thread 0x000001bfa8538d90 Uncommon trap: reason=unstable_if action=reinterpret pc=0x000001bf87b0b004 method=java.util.HashMap.getNode(Ljava/lang/Object;)Ljava/util/HashMap$Node; @ 66 c2
Event: 5.518 Thread 0x000001bfa8538d90 DEOPT PACKING pc=0x000001bf87b0b004 sp=0x000000412ccfc1e0
Event: 5.518 Thread 0x000001bfa8538d90 DEOPT UNPACKING pc=0x000001bf875869a3 sp=0x000000412ccfc160 mode 2
Event: 5.533 Thread 0x000001bfa8538d90 Uncommon trap: trap_request=0xffffff45 fr.pc=0x000001bf87b9d0f8 relative=0x0000000000000258
Event: 5.533 Thread 0x000001bfa8538d90 Uncommon trap: reason=unstable_if action=reinterpret pc=0x000001bf87b9d0f8 method=java.util.concurrent.ConcurrentHashMap.get(Ljava/lang/Object;)Ljava/lang/Object; @ 76 c2
Event: 5.533 Thread 0x000001bfa8538d90 DEOPT PACKING pc=0x000001bf87b9d0f8 sp=0x000000412ccfb740
Event: 5.533 Thread 0x000001bfa8538d90 DEOPT UNPACKING pc=0x000001bf875869a3 sp=0x000000412ccfb6b8 mode 2

Classes loaded (20 events):
Event: 5.536 Loading class java/util/stream/MatchOps$MatchKind
Event: 5.536 Loading class java/util/stream/MatchOps$MatchKind done
Event: 5.536 Loading class java/util/stream/MatchOps
Event: 5.536 Loading class java/util/stream/MatchOps done
Event: 5.536 Loading class java/util/stream/MatchOps$MatchOp
Event: 5.537 Loading class java/util/stream/MatchOps$MatchOp done
Event: 5.537 Loading class java/util/stream/MatchOps$BooleanTerminalSink
Event: 5.537 Loading class java/util/stream/MatchOps$BooleanTerminalSink done
Event: 5.537 Loading class java/util/stream/MatchOps$1MatchSink
Event: 5.537 Loading class java/util/stream/MatchOps$1MatchSink done
Event: 5.596 Loading class java/lang/invoke/MethodHandle$1
Event: 5.596 Loading class java/lang/invoke/MethodHandle$1 done
Event: 5.624 Loading class java/util/ConcurrentModificationException
Event: 5.640 Loading class java/util/ConcurrentModificationException done
Event: 5.712 Loading class sun/reflect/generics/scope/ConstructorScope
Event: 5.712 Loading class sun/reflect/generics/scope/ConstructorScope done
Event: 5.712 Loading class sun/reflect/generics/tree/VoidDescriptor
Event: 5.712 Loading class sun/reflect/generics/tree/VoidDescriptor done
Event: 5.825 Loading class java/io/UncheckedIOException
Event: 5.825 Loading class java/io/UncheckedIOException done

Classes unloaded (0 events):
No events

Classes redefined (0 events):
No events

Internal exceptions (20 events):
Event: 2.941 Thread 0x000001bff039f830 Exception <a 'java/lang/NoSuchMethodError'{0x00000000ee7c9fa8}: 'java.lang.Object java.lang.invoke.DirectMethodHandle$Holder.invokeInterface(java.lang.Object, java.lang.Object)'> (0x00000000ee7c9fa8) 
thrown [s\src\hotspot\share\interpreter\linkResolver.cpp, line 759]
Event: 3.192 Thread 0x000001bff039f830 Exception <a 'java/lang/NoSuchMethodError'{0x00000000edf16d68}: 'java.lang.Object java.lang.invoke.DirectMethodHandle$Holder.invokeStaticInit(java.lang.Object, int, int, int, int)'> (0x00000000edf16d68) 
thrown [s\src\hotspot\share\interpreter\linkResolver.cpp, line 759]
Event: 3.317 Thread 0x000001bff039f830 Exception <a 'java/lang/NoSuchMethodError'{0x00000000ede1f130}: 'java.lang.Object java.lang.invoke.DirectMethodHandle$Holder.invokeStaticInit(java.lang.Object, java.lang.Object, int, int, int, int)'> (0x00000000ede1f130) 
thrown [s\src\hotspot\share\interpreter\linkResolver.cpp, line 759]
Event: 4.920 Thread 0x000001bff039f830 Exception <a 'java/lang/NoSuchMethodError'{0x00000000edcbbff8}: 'void java.lang.invoke.DirectMethodHandle$Holder.invokeStatic(java.lang.Object, java.lang.Object, java.lang.Object)'> (0x00000000edcbbff8) 
thrown [s\src\hotspot\share\interpreter\linkResolver.cpp, line 759]
Event: 4.986 Thread 0x000001bff039f830 Exception <a 'java/io/IOException'{0x00000000edb82628}> (0x00000000edb82628) 
thrown [s\src\hotspot\share\prims\jni.cpp, line 516]
Event: 5.292 Thread 0x000001bfa853c030 Exception <a 'java/lang/NoSuchMethodError'{0x00000000ed7ad288}: static Lorg/gradle/tooling/internal/provider/serialization/ClassLoaderDetails;.<clinit>()V> (0x00000000ed7ad288) 
thrown [s\src\hotspot\share\prims\jni.cpp, line 1112]
Event: 5.302 Thread 0x000001bfa853c030 Exception <a 'java/lang/NoSuchMethodError'{0x00000000ed7c5ef0}: static Lorg/gradle/internal/classloader/ClassLoaderSpec;.<clinit>()V> (0x00000000ed7c5ef0) 
thrown [s\src\hotspot\share\prims\jni.cpp, line 1112]
Event: 5.304 Thread 0x000001bfa853c030 Exception <a 'java/lang/NoSuchMethodError'{0x00000000ed7cf678}: static Lorg/gradle/tooling/internal/provider/serialization/WellKnownClassLoaderRegistry$KnownClassLoaderSpec;.<clinit>()V> (0x00000000ed7cf678) 
thrown [s\src\hotspot\share\prims\jni.cpp, line 1112]
Event: 5.309 Thread 0x000001bfa853c030 Exception <a 'java/lang/NoSuchMethodError'{0x00000000ed7e5330}: static Lorg/gradle/tooling/internal/provider/serialization/ClientOwnedClassLoaderSpec;.<clinit>()V> (0x00000000ed7e5330) 
thrown [s\src\hotspot\share\prims\jni.cpp, line 1112]
Event: 5.408 Thread 0x000001bfa8538d90 Exception <a 'java/lang/NoSuchMethodError'{0x00000000ed30c088}: 'long java.lang.invoke.DirectMethodHandle$Holder.invokeInterface(java.lang.Object, java.lang.Object)'> (0x00000000ed30c088) 
thrown [s\src\hotspot\share\interpreter\linkResolver.cpp, line 759]
Event: 5.416 Thread 0x000001bfa8538d90 Exception <a 'java/lang/NoSuchMethodError'{0x00000000ed343ae8}: 'java.lang.Object java.lang.invoke.DirectMethodHandle$Holder.invokeVirtual(java.lang.Object, java.lang.Object, java.lang.Object)'> (0x00000000ed343ae8) 
thrown [s\src\hotspot\share\interpreter\linkResolver.cpp, line 759]
Event: 5.491 Thread 0x000001bfa8538d90 Exception <a 'java/lang/NoSuchMethodError'{0x00000000ecf746b8}: 'void java.lang.invoke.DirectMethodHandle$Holder.invokeStatic(java.lang.Object, java.lang.Object)'> (0x00000000ecf746b8) 
thrown [s\src\hotspot\share\interpreter\linkResolver.cpp, line 759]
Event: 5.594 Thread 0x000001bfa8538d90 Exception <a 'java/lang/NoSuchMethodError'{0x00000000ecbe3368}: 'java.lang.Object java.lang.invoke.DirectMethodHandle$Holder.newInvokeSpecial(java.lang.Object, java.lang.Object, java.lang.Object, java.lang.Object, java.lang.Object, java.lang.Object)'> (0x00000000ecbe3368) 
thrown [s\src\hotspot\share\interpreter\linkResolver.cpp, line 759]
Event: 5.597 Thread 0x000001bfa8538d90 Exception <a 'java/lang/NoSuchMethodError'{0x00000000ecbff100}: 'void java.lang.invoke.DirectMethodHandle$Holder.invokeSpecial(java.lang.Object, java.lang.Object, java.lang.Object, java.lang.Object, java.lang.Object)'> (0x00000000ecbff100) 
thrown [s\src\hotspot\share\interpreter\linkResolver.cpp, line 759]
Event: 5.599 Thread 0x000001bfa8538d90 Exception <a 'java/lang/NoSuchMethodError'{0x00000000eca135b8}: 'void java.lang.invoke.DirectMethodHandle$Holder.invokeStaticInit(java.lang.Object, java.lang.Object)'> (0x00000000eca135b8) 
thrown [s\src\hotspot\share\interpreter\linkResolver.cpp, line 759]
Event: 5.688 Thread 0x000001bfa8538d90 Exception <a 'java/lang/NoSuchMethodError'{0x00000000ec918d80}: 'java.lang.Object java.lang.invoke.DirectMethodHandle$Holder.newInvokeSpecial(java.lang.Object, java.lang.Object, java.lang.Object, int, java.lang.Object, java.lang.Object)'> (0x00000000ec918d80) 
thrown [s\src\hotspot\share\interpreter\linkResolver.cpp, line 759]
Event: 5.765 Thread 0x000001bfa8538d90 Exception <a 'java/lang/NoSuchMethodError'{0x00000000ec8d66c0}: 'void java.lang.invoke.DelegatingMethodHandle$Holder.reinvoke_L(java.lang.Object, java.lang.Object, java.lang.Object, java.lang.Object, java.lang.Object, java.lang.Object, java.lang.Object, java.lang.Object, java.lang.Object, java.lang.Object)'> (0x00000000ec8d66c0) 
thrown [s\src\hotspot\share\interpreter\linkResolver.cpp, line 759]
Event: 5.765 Thread 0x000001bfa8538d90 Exception <a 'java/lang/NoSuchMethodError'{0x00000000ec8deb30}: 'java.lang.Object java.lang.invoke.DirectMethodHandle$Holder.invokeSpecial(java.lang.Object, java.lang.Object, java.lang.Object, java.lang.Object, java.lang.Object, java.lang.Object, java.lang.Object, java.lang.Object, java.lang.Object, java.lang.Object)'> (0x00000000ec8deb30) 
thrown [s\src\hotspot\share\interpreter\linkResolver.cpp, line 759]
Event: 5.766 Thread 0x000001bfa8538d90 Exception <a 'java/lang/NoSuchMethodError'{0x00000000ec8e3400}: 'java.lang.Object java.lang.invoke.Invokers$Holder.invoker(java.lang.Object, java.lang.Object, java.lang.Object, java.lang.Object, java.lang.Object, java.lang.Object, java.lang.Object, java.lang.Object, java.lang.Object, java.lang.Object)'> (0x00000000ec8e3400) 
thrown [s\src\hotspot\share\interpreter\linkResolver.cpp, line 759]
Event: 5.766 Thread 0x000001bfa8538d90 Exception <a 'java/lang/NoSuchMethodError'{0x00000000ec8e8f88}: 'java.lang.Object java.lang.invoke.DirectMethodHandle$Holder.invokeSpecial(java.lang.Object, java.lang.Object, java.lang.Object, java.lang.Object, java.lang.Object, java.lang.Object, java.lang.Object, java.lang.Object, java.lang.Object, java.lang.Object, java.lang.Object)'> (0x00000000ec8e8f88) 
thrown [s\src\hotspot\share\interpreter\linkResolver.cpp, line 759]

VM Operations (20 events):
Event: 2.935 Executing VM operation: HandshakeAllThreads
Event: 2.935 Executing VM operation: HandshakeAllThreads done
Event: 3.058 Executing VM operation: HandshakeAllThreads
Event: 3.058 Executing VM operation: HandshakeAllThreads done
Event: 3.156 Executing VM operation: HandshakeAllThreads
Event: 3.156 Executing VM operation: HandshakeAllThreads done
Event: 3.156 Executing VM operation: Cleanup
Event: 3.156 Executing VM operation: Cleanup done
Event: 3.289 Executing VM operation: HandshakeAllThreads
Event: 3.289 Executing VM operation: HandshakeAllThreads done
Event: 4.297 Executing VM operation: Cleanup
Event: 4.297 Executing VM operation: Cleanup done
Event: 4.918 Executing VM operation: HandshakeAllThreads
Event: 4.918 Executing VM operation: HandshakeAllThreads done
Event: 5.060 Executing VM operation: HandshakeAllThreads
Event: 5.060 Executing VM operation: HandshakeAllThreads done
Event: 5.709 Executing VM operation: HandshakeAllThreads
Event: 5.709 Executing VM operation: HandshakeAllThreads done
Event: 5.709 Executing VM operation: Cleanup
Event: 5.709 Executing VM operation: Cleanup done

Events (20 events):
Event: 0.165 Thread 0x000001bffbf448d0 Thread added: 0x000001bffbf448d0
Event: 0.166 Thread 0x000001bffbf45670 Thread added: 0x000001bffbf45670
Event: 0.167 Thread 0x000001bffbf47130 Thread added: 0x000001bffbf47130
Event: 0.170 Thread 0x000001bffbf47b30 Thread added: 0x000001bffbf47b30
Event: 0.216 Thread 0x000001bffbf163c0 Thread added: 0x000001bffbf163c0
Event: 0.331 Thread 0x000001bfa82a74c0 Thread added: 0x000001bfa82a74c0
Event: 0.811 Thread 0x000001bfa83aacd0 Thread added: 0x000001bfa83aacd0
Event: 2.158 Thread 0x000001bfa83aacd0 Thread exited: 0x000001bfa83aacd0
Event: 2.968 Thread 0x000001bfa853abf0 Thread added: 0x000001bfa853abf0
Event: 4.870 Thread 0x000001bfa853b100 Thread added: 0x000001bfa853b100
Event: 4.912 Thread 0x000001bfa8cb4e70 Thread added: 0x000001bfa8cb4e70
Event: 4.995 Thread 0x000001bfa853b610 Thread added: 0x000001bfa853b610
Event: 5.156 Thread 0x000001bfa853bb20 Thread added: 0x000001bfa853bb20
Event: 5.166 Thread 0x000001bfa853c030 Thread added: 0x000001bfa853c030
Event: 5.319 Thread 0x000001bfa85392a0 Thread added: 0x000001bfa85392a0
Event: 5.329 Thread 0x000001bfa8538d90 Thread added: 0x000001bfa8538d90
Event: 5.354 Thread 0x000001bfa853a1d0 Thread added: 0x000001bfa853a1d0
Event: 5.358 Thread 0x000001bfa8539cc0 Thread added: 0x000001bfa8539cc0
Event: 5.362 Thread 0x000001bfa853c540 Thread added: 0x000001bfa853c540
Event: 5.647 Thread 0x000001bfa8cb4e70 Thread exited: 0x000001bfa8cb4e70


Dynamic libraries:
0x00007ff7781f0000 - 0x00007ff7781fe000 	C:\Users\MARIANA\.jdks\temurin-17.0.12\bin\java.exe
0x00007ffc8f990000 - 0x00007ffc8fba7000 	C:\WINDOWS\SYSTEM32\ntdll.dll
0x00007ffc8f4b0000 - 0x00007ffc8f574000 	C:\WINDOWS\System32\KERNEL32.DLL
0x00007ffc8d2c0000 - 0x00007ffc8d679000 	C:\WINDOWS\System32\KERNELBASE.dll
0x00007ffc8d030000 - 0x00007ffc8d141000 	C:\WINDOWS\System32\ucrtbase.dll
0x00007ffc2f820000 - 0x00007ffc2f837000 	C:\Users\MARIANA\.jdks\temurin-17.0.12\bin\jli.dll
0x00007ffc8e4b0000 - 0x00007ffc8e65e000 	C:\WINDOWS\System32\USER32.dll
0x00007ffc8cf90000 - 0x00007ffc8cfb6000 	C:\WINDOWS\System32\win32u.dll
0x00007ffc8d820000 - 0x00007ffc8d849000 	C:\WINDOWS\System32\GDI32.dll
0x00007ffc8cdb0000 - 0x00007ffc8cecb000 	C:\WINDOWS\System32\gdi32full.dll
0x00007ffc8cc90000 - 0x00007ffc8cd2a000 	C:\WINDOWS\System32\msvcp_win.dll
0x00007ffc25140000 - 0x00007ffc2515b000 	C:\Users\MARIANA\.jdks\temurin-17.0.12\bin\VCRUNTIME140.dll
0x00007ffc6ed80000 - 0x00007ffc6f012000 	C:\WINDOWS\WinSxS\amd64_microsoft.windows.common-controls_6595b64144ccf1df_6.0.22621.4391_none_2715d37f73803e96\COMCTL32.dll
0x00007ffc8e860000 - 0x00007ffc8e907000 	C:\WINDOWS\System32\msvcrt.dll
0x00007ffc8df30000 - 0x00007ffc8df61000 	C:\WINDOWS\System32\IMM32.DLL
0x00007ffc6d7e0000 - 0x00007ffc6d7ec000 	C:\Users\MARIANA\.jdks\temurin-17.0.12\bin\vcruntime140_1.dll
0x00007ffbcbd90000 - 0x00007ffbcbe1d000 	C:\Users\MARIANA\.jdks\temurin-17.0.12\bin\msvcp140.dll
0x00007ffb8ae10000 - 0x00007ffb8ba7a000 	C:\Users\MARIANA\.jdks\temurin-17.0.12\bin\server\jvm.dll
0x00007ffc8dd60000 - 0x00007ffc8de12000 	C:\WINDOWS\System32\ADVAPI32.dll
0x00007ffc8e910000 - 0x00007ffc8e9b7000 	C:\WINDOWS\System32\sechost.dll
0x00007ffc8d680000 - 0x00007ffc8d6a8000 	C:\WINDOWS\System32\bcrypt.dll
0x00007ffc8e740000 - 0x00007ffc8e854000 	C:\WINDOWS\System32\RPCRT4.dll
0x00007ffc8de20000 - 0x00007ffc8de91000 	C:\WINDOWS\System32\WS2_32.dll
0x00007ffc8bc30000 - 0x00007ffc8bc7d000 	C:\WINDOWS\SYSTEM32\POWRPROF.dll
0x00007ffc86b20000 - 0x00007ffc86b54000 	C:\WINDOWS\SYSTEM32\WINMM.dll
0x00007ffc864c0000 - 0x00007ffc864ca000 	C:\WINDOWS\SYSTEM32\VERSION.dll
0x00007ffc8bb60000 - 0x00007ffc8bb73000 	C:\WINDOWS\SYSTEM32\UMPDC.dll
0x00007ffc8bd80000 - 0x00007ffc8bd98000 	C:\WINDOWS\SYSTEM32\kernel.appcore.dll
0x00007ffc6a630000 - 0x00007ffc6a63a000 	C:\Users\MARIANA\.jdks\temurin-17.0.12\bin\jimage.dll
0x00007ffc8a210000 - 0x00007ffc8a442000 	C:\WINDOWS\SYSTEM32\DBGHELP.DLL
0x00007ffc8d9c0000 - 0x00007ffc8dd4f000 	C:\WINDOWS\System32\combase.dll
0x00007ffc8e660000 - 0x00007ffc8e737000 	C:\WINDOWS\System32\OLEAUT32.dll
0x00007ffc84350000 - 0x00007ffc84382000 	C:\WINDOWS\SYSTEM32\dbgcore.DLL
0x00007ffc8cd30000 - 0x00007ffc8cdab000 	C:\WINDOWS\System32\bcryptPrimitives.dll
0x00007ffc6a2d0000 - 0x00007ffc6a2de000 	C:\Users\MARIANA\.jdks\temurin-17.0.12\bin\instrument.dll
0x00007ffbea750000 - 0x00007ffbea775000 	C:\Users\MARIANA\.jdks\temurin-17.0.12\bin\java.dll
0x00007ffbbf970000 - 0x00007ffbbfa47000 	C:\Users\MARIANA\.jdks\temurin-17.0.12\bin\jsvml.dll
0x00007ffc8e9c0000 - 0x00007ffc8f236000 	C:\WINDOWS\System32\SHELL32.dll
0x00007ffc8ab80000 - 0x00007ffc8b483000 	C:\WINDOWS\SYSTEM32\windows.storage.dll
0x00007ffc8aa40000 - 0x00007ffc8ab7f000 	C:\WINDOWS\SYSTEM32\wintypes.dll
0x00007ffc8d8c0000 - 0x00007ffc8d9b9000 	C:\WINDOWS\System32\SHCORE.dll
0x00007ffc8df70000 - 0x00007ffc8dfce000 	C:\WINDOWS\System32\shlwapi.dll
0x00007ffc8cbc0000 - 0x00007ffc8cbeb000 	C:\WINDOWS\SYSTEM32\profapi.dll
0x00007ffc4ebc0000 - 0x00007ffc4ebd8000 	C:\Users\MARIANA\.jdks\temurin-17.0.12\bin\zip.dll
0x00007ffbed500000 - 0x00007ffbed519000 	C:\Users\MARIANA\.jdks\temurin-17.0.12\bin\net.dll
0x00007ffc86950000 - 0x00007ffc86a86000 	C:\WINDOWS\SYSTEM32\WINHTTP.dll
0x00007ffc8c200000 - 0x00007ffc8c269000 	C:\WINDOWS\system32\mswsock.dll
0x00007ffbecfb0000 - 0x00007ffbecfc6000 	C:\Users\MARIANA\.jdks\temurin-17.0.12\bin\nio.dll
0x00007ffc69b20000 - 0x00007ffc69b30000 	C:\Users\MARIANA\.jdks\temurin-17.0.12\bin\verify.dll
0x00007ffbed420000 - 0x00007ffbed447000 	C:\Users\MARIANA\.gradle\native\c067742578af261105cb4f569cf0c3c89f3d7b1fecec35dd04571415982c5e48\windows-amd64\native-platform.dll
0x00007ffbc0d00000 - 0x00007ffbc0e44000 	C:\Users\MARIANA\.gradle\native\38dada09dfb8b06ba9b0570ebf7e218e3eb74d4ef43ca46872605cf95ebc2f47\windows-amd64\native-platform-file-events.dll
0x00007ffc699c0000 - 0x00007ffc699c9000 	C:\Users\MARIANA\.jdks\temurin-17.0.12\bin\management.dll
0x00007ffc608e0000 - 0x00007ffc608eb000 	C:\Users\MARIANA\.jdks\temurin-17.0.12\bin\management_ext.dll
0x00007ffc8dd50000 - 0x00007ffc8dd58000 	C:\WINDOWS\System32\PSAPI.DLL
0x00007ffc8c430000 - 0x00007ffc8c44b000 	C:\WINDOWS\SYSTEM32\CRYPTSP.dll
0x00007ffc8bce0000 - 0x00007ffc8bd15000 	C:\WINDOWS\system32\rsaenh.dll
0x00007ffc8c2c0000 - 0x00007ffc8c2e8000 	C:\WINDOWS\SYSTEM32\USERENV.dll
0x00007ffc8c450000 - 0x00007ffc8c45c000 	C:\WINDOWS\SYSTEM32\CRYPTBASE.dll
0x00007ffc8b6f0000 - 0x00007ffc8b71d000 	C:\WINDOWS\SYSTEM32\IPHLPAPI.DLL
0x00007ffc8df20000 - 0x00007ffc8df29000 	C:\WINDOWS\System32\NSI.dll
0x00007ffc870b0000 - 0x00007ffc870c9000 	C:\WINDOWS\SYSTEM32\dhcpcsvc6.DLL
0x00007ffc86ad0000 - 0x00007ffc86aef000 	C:\WINDOWS\SYSTEM32\dhcpcsvc.DLL
0x00007ffc8b760000 - 0x00007ffc8b862000 	C:\WINDOWS\SYSTEM32\DNSAPI.dll
0x00007ffc5b910000 - 0x00007ffc5b919000 	C:\Users\MARIANA\.jdks\temurin-17.0.12\bin\extnet.dll
0x00007ffc594c0000 - 0x00007ffc594ce000 	C:\Users\MARIANA\.jdks\temurin-17.0.12\bin\sunmscapi.dll
0x00007ffc8d150000 - 0x00007ffc8d2b6000 	C:\WINDOWS\System32\CRYPT32.dll
0x00007ffc8c650000 - 0x00007ffc8c67d000 	C:\WINDOWS\SYSTEM32\ncrypt.dll
0x00007ffc8c610000 - 0x00007ffc8c647000 	C:\WINDOWS\SYSTEM32\NTASN1.dll
0x00007ffc248b0000 - 0x00007ffc248b8000 	C:\WINDOWS\system32\wshunix.dll

dbghelp: loaded successfully - version: 4.0.5 - missing functions: none
symbol engine: initialized successfully - sym options: 0x614 - pdb path: .;C:\Users\MARIANA\.jdks\temurin-17.0.12\bin;C:\WINDOWS\SYSTEM32;C:\WINDOWS\WinSxS\amd64_microsoft.windows.common-controls_6595b64144ccf1df_6.0.22621.4391_none_2715d37f73803e96;C:\Users\MARIANA\.jdks\temurin-17.0.12\bin\server;C:\Users\MARIANA\.gradle\native\c067742578af261105cb4f569cf0c3c89f3d7b1fecec35dd04571415982c5e48\windows-amd64;C:\Users\MARIANA\.gradle\native\38dada09dfb8b06ba9b0570ebf7e218e3eb74d4ef43ca46872605cf95ebc2f47\windows-amd64

VM Arguments:
jvm_args: --add-opens=java.base/java.util=ALL-UNNAMED --add-opens=java.base/java.lang=ALL-UNNAMED --add-opens=java.base/java.lang.invoke=ALL-UNNAMED --add-opens=java.prefs/java.util.prefs=ALL-UNNAMED --add-opens=java.base/java.nio.charset=ALL-UNNAMED --add-opens=java.base/java.net=ALL-UNNAMED --add-opens=java.base/java.util.concurrent.atomic=ALL-UNNAMED -XX:MaxMetaspaceSize=384m -XX:+HeapDumpOnOutOfMemoryError -Xms256m -Xmx512m -Dfile.encoding=UTF-8 -Duser.country=CO -Duser.language=es -Duser.variant -javaagent:C:\Users\MARIANA\.gradle\wrapper\dists\gradle-8.5-bin\5t9huq95ubn472n8rpzujfbqh\gradle-8.5\lib\agents\gradle-instrumentation-agent-8.5.jar 
java_command: org.gradle.launcher.daemon.bootstrap.GradleDaemon 8.5
java_class_path (initial): C:\Users\MARIANA\.gradle\wrapper\dists\gradle-8.5-bin\5t9huq95ubn472n8rpzujfbqh\gradle-8.5\lib\gradle-launcher-8.5.jar
Launcher Type: SUN_STANDARD

[Global flags]
     intx CICompilerCount                          = 4                                         {product} {ergonomic}
   size_t CompressedClassSpaceSize                 = 335544320                                 {product} {ergonomic}
     uint ConcGCThreads                            = 2                                         {product} {ergonomic}
     uint G1ConcRefinementThreads                  = 8                                         {product} {ergonomic}
   size_t G1HeapRegionSize                         = 1048576                                   {product} {ergonomic}
    uintx GCDrainStackTargetSize                   = 64                                        {product} {ergonomic}
     bool HeapDumpOnOutOfMemoryError               = true                                   {manageable} {command line}
   size_t InitialHeapSize                          = 268435456                                 {product} {command line}
   size_t MarkStackSize                            = 4194304                                   {product} {ergonomic}
   size_t MaxHeapSize                              = 536870912                                 {product} {command line}
   size_t MaxMetaspaceSize                         = 402653184                                 {product} {command line}
   size_t MaxNewSize                               = 321912832                                 {product} {ergonomic}
   size_t MinHeapDeltaBytes                        = 1048576                                   {product} {ergonomic}
   size_t MinHeapSize                              = 268435456                                 {product} {command line}
    uintx NonNMethodCodeHeapSize                   = 5839372                                {pd product} {ergonomic}
    uintx NonProfiledCodeHeapSize                  = 122909434                              {pd product} {ergonomic}
    uintx ProfiledCodeHeapSize                     = 122909434                              {pd product} {ergonomic}
    uintx ReservedCodeCacheSize                    = 251658240                              {pd product} {ergonomic}
     bool SegmentedCodeCache                       = true                                      {product} {ergonomic}
   size_t SoftMaxHeapSize                          = 536870912                              {manageable} {ergonomic}
     bool UseCompressedClassPointers               = true                           {product lp64_product} {ergonomic}
     bool UseCompressedOops                        = true                           {product lp64_product} {ergonomic}
     bool UseG1GC                                  = true                                      {product} {ergonomic}
     bool UseLargePagesIndividualAllocation        = false                                  {pd product} {ergonomic}

Logging:
Log output configuration:
 #0: stdout all=warning uptime,level,tags
 #1: stderr all=off uptime,level,tags

Environment Variables:
JAVA_HOME=C:\Program Files\Eclipse Adoptium\jre-8.0.322.6-hotspot\
PATH=C:\Python312\Scripts\;C:\Python312\;C:\Program Files (x86)\Common Files\Intel\Shared Libraries\redist\intel64\compiler;C:\Program Files\Common Files\Oracle\Java\javapath;C:\Program Files (x86)\Common Files\Oracle\Java\java8path;C:\Program Files (x86)\Common Files\Oracle\Java\javapath;C:\Program Files\Eclipse Adoptium\jre-8.0.322.6-hotspot\bin;C:\Program Files\Eclipse Adoptium\jre-11.0.14.9-hotspot\bin;C:\windows\system32;C:\windows;C:\windows\System32\Wbem;C:\windows\System32\WindowsPowerShell\v1.0\;C:\windows\System32\OpenSSH\;C:\Program Files (x86)\NVIDIA Corporation\PhysX\Common;C:\Program Files\NVIDIA Corporation\NVIDIA NvDLISR;C:\Program Files\dotnet\;C:\WINDOWS\system32;C:\WINDOWS;C:\WINDOWS\System32\Wbem;C:\WINDOWS\System32\WindowsPowerShell\v1.0\;C:\WINDOWS\System32\OpenSSH\;C:\Program Files\HP\HP One Agent;C:\Program Files\Git\cmd;C:\Program Files\nodejs\;C:\ProgramData\chocolatey\bin;C:\Users\MARIANA\AppData\Local\Microsoft\WindowsApps;C:\Users\MARIANA\AppData\Local\Programs\Microsoft VS Code\bin;C:\Users\MARIANA\AppData\Roaming\npm;C:\Program Files\JetBrains\IntelliJ IDEA Community Edition 2024.2.1\bin;;C:\Program Files\JetBrains\IntelliJ IDEA 2024.2.4\bin;
USERNAME=MARIANA
OS=Windows_NT
PROCESSOR_IDENTIFIER=Intel64 Family 6 Model 165 Stepping 2, GenuineIntel
TMP=C:\Users\MARIANA\AppData\Local\Temp
TEMP=C:\Users\MARIANA\AppData\Local\Temp



Periodic native trim disabled


---------------  S Y S T E M  ---------------

OS:
 Windows 11 , 64 bit Build 22621 (10.0.22621.4391)
OS uptime: 2 days 13:29 hours
Hyper-V role detected

CPU: total 8 (initial active 8) (4 cores per cpu, 2 threads per core) family 6 model 165 stepping 2 microcode 0xf0, cx8, cmov, fxsr, ht, mmx, 3dnowpref, sse, sse2, sse3, ssse3, sse4.1, sse4.2, popcnt, lzcnt, tsc, tscinvbit, avx, avx2, aes, erms, clmul, bmi1, bmi2, adx, fma, vzeroupper, clflush, clflushopt, hv
Processor Information for all 8 processors :
  Max Mhz: 2496, Current Mhz: 2496, Mhz Limit: 2496

Memory: 4k page, system-wide physical 7968M (490M free)
TotalPageFile size 21693M (AvailPageFile size 4M)
current process WorkingSet (physical memory assigned to process): 155M, peak: 155M
current process commit charge ("private bytes"): 390M, peak: 395M

vm_info: OpenJDK 64-Bit Server VM (17.0.12+7) for windows-amd64 JRE (17.0.12+7), built on Jul 16 2024 22:08:24 by "admin" with MS VC++ 16.10 / 16.11 (VS2019)

END.
